
AVRASM ver. 2.1.30  E:\projectsss\6\6-1\Debug\List\1.asm Wed Jun 30 00:13:55 2021

E:\projectsss\6\6-1\Debug\List\1.asm(1088): warning: Register r4 already defined by the .DEF directive
E:\projectsss\6\6-1\Debug\List\1.asm(1089): warning: Register r5 already defined by the .DEF directive
E:\projectsss\6\6-1\Debug\List\1.asm(1090): warning: Register r7 already defined by the .DEF directive
E:\projectsss\6\6-1\Debug\List\1.asm(1091): warning: Register r6 already defined by the .DEF directive
E:\projectsss\6\6-1\Debug\List\1.asm(1092): warning: Register r9 already defined by the .DEF directive
                 
                 
                 ;CodeVisionAVR C Compiler V3.12 Advanced
                 ;(C) Copyright 1998-2014 Pavel Haiduc, HP InfoTech s.r.l.
                 ;http://www.hpinfotech.com
                 
                 ;Build configuration    : Debug
                 ;Chip type              : ATmega32
                 ;Program type           : Application
                 ;Clock frequency        : 1/000000 MHz
                 ;Memory model           : Small
                 ;Optimize for           : Size
                 ;(s)printf features     : int, width
                 ;(s)scanf features      : int, width
                 ;External RAM size      : 0
                 ;Data Stack size        : 512 byte(s)
                 ;Heap size              : 0 byte(s)
                 ;Promote 'char' to 'int': Yes
                 ;'char' is unsigned     : Yes
                 ;8 bit enums            : Yes
                 ;Global 'const' stored in FLASH: Yes
                 ;Enhanced function parameter passing: Yes
                 ;Enhanced core instructions: On
                 ;Automatic register allocation for global variables: On
                 ;Smart register allocation: On
                 
                 	#define _MODEL_SMALL_
                 
                 	#pragma AVRPART ADMIN PART_NAME ATmega32
                 	#pragma AVRPART MEMORY PROG_FLASH 32768
                 	#pragma AVRPART MEMORY EEPROM 1024
                 	#pragma AVRPART MEMORY INT_SRAM SIZE 2048
                 	#pragma AVRPART MEMORY INT_SRAM START_ADDR 0x60
                 
                 	#define CALL_SUPPORTED 1
                 
                 	.LISTMAC
                 	.EQU UDRE=0x5
                 	.EQU RXC=0x7
                 	.EQU USR=0xB
                 	.EQU UDR=0xC
                 	.EQU SPSR=0xE
                 	.EQU SPDR=0xF
                 	.EQU EERE=0x0
                 	.EQU EEWE=0x1
                 	.EQU EEMWE=0x2
                 	.EQU EECR=0x1C
                 	.EQU EEDR=0x1D
                 	.EQU EEARL=0x1E
                 	.EQU EEARH=0x1F
                 	.EQU WDTCR=0x21
                 	.EQU MCUCR=0x35
                 	.EQU GICR=0x3B
                 	.EQU SPL=0x3D
                 	.EQU SPH=0x3E
                 	.EQU SREG=0x3F
                 
                 	.DEF R0X0=R0
                 	.DEF R0X1=R1
                 	.DEF R0X2=R2
                 	.DEF R0X3=R3
                 	.DEF R0X4=R4
                 	.DEF R0X5=R5
                 	.DEF R0X6=R6
                 	.DEF R0X7=R7
                 	.DEF R0X8=R8
                 	.DEF R0X9=R9
                 	.DEF R0XA=R10
                 	.DEF R0XB=R11
                 	.DEF R0XC=R12
                 	.DEF R0XD=R13
                 	.DEF R0XE=R14
                 	.DEF R0XF=R15
                 	.DEF R0X10=R16
                 	.DEF R0X11=R17
                 	.DEF R0X12=R18
                 	.DEF R0X13=R19
                 	.DEF R0X14=R20
                 	.DEF R0X15=R21
                 	.DEF R0X16=R22
                 	.DEF R0X17=R23
                 	.DEF R0X18=R24
                 	.DEF R0X19=R25
                 	.DEF R0X1A=R26
                 	.DEF R0X1B=R27
                 	.DEF R0X1C=R28
                 	.DEF R0X1D=R29
                 	.DEF R0X1E=R30
                 	.DEF R0X1F=R31
                 
                 	.EQU __SRAM_START=0x0060
                 	.EQU __SRAM_END=0x085F
                 	.EQU __DSTACK_SIZE=0x0200
                 	.EQU __HEAP_SIZE=0x0000
                 	.EQU __CLEAR_SRAM_SIZE=__SRAM_END-__SRAM_START+1
                 
                 	.MACRO __CPD1N
                 	CPI  R30,LOW(@0)
                 	LDI  R26,HIGH(@0)
                 	CPC  R31,R26
                 	LDI  R26,BYTE3(@0)
                 	CPC  R22,R26
                 	LDI  R26,BYTE4(@0)
                 	CPC  R23,R26
                 	.ENDM
                 
                 	.MACRO __CPD2N
                 	CPI  R26,LOW(@0)
                 	LDI  R30,HIGH(@0)
                 	CPC  R27,R30
                 	LDI  R30,BYTE3(@0)
                 	CPC  R24,R30
                 	LDI  R30,BYTE4(@0)
                 	CPC  R25,R30
                 	.ENDM
                 
                 	.MACRO __CPWRR
                 	CP   R@0,R@2
                 	CPC  R@1,R@3
                 	.ENDM
                 
                 	.MACRO __CPWRN
                 	CPI  R@0,LOW(@2)
                 	LDI  R30,HIGH(@2)
                 	CPC  R@1,R30
                 	.ENDM
                 
                 	.MACRO __ADDB1MN
                 	SUBI R30,LOW(-@0-(@1))
                 	.ENDM
                 
                 	.MACRO __ADDB2MN
                 	SUBI R26,LOW(-@0-(@1))
                 	.ENDM
                 
                 	.MACRO __ADDW1MN
                 	SUBI R30,LOW(-@0-(@1))
                 	SBCI R31,HIGH(-@0-(@1))
                 	.ENDM
                 
                 	.MACRO __ADDW2MN
                 	SUBI R26,LOW(-@0-(@1))
                 	SBCI R27,HIGH(-@0-(@1))
                 	.ENDM
                 
                 	.MACRO __ADDW1FN
                 	SUBI R30,LOW(-2*@0-(@1))
                 	SBCI R31,HIGH(-2*@0-(@1))
                 	.ENDM
                 
                 	.MACRO __ADDD1FN
                 	SUBI R30,LOW(-2*@0-(@1))
                 	SBCI R31,HIGH(-2*@0-(@1))
                 	SBCI R22,BYTE3(-2*@0-(@1))
                 	.ENDM
                 
                 	.MACRO __ADDD1N
                 	SUBI R30,LOW(-@0)
                 	SBCI R31,HIGH(-@0)
                 	SBCI R22,BYTE3(-@0)
                 	SBCI R23,BYTE4(-@0)
                 	.ENDM
                 
                 	.MACRO __ADDD2N
                 	SUBI R26,LOW(-@0)
                 	SBCI R27,HIGH(-@0)
                 	SBCI R24,BYTE3(-@0)
                 	SBCI R25,BYTE4(-@0)
                 	.ENDM
                 
                 	.MACRO __SUBD1N
                 	SUBI R30,LOW(@0)
                 	SBCI R31,HIGH(@0)
                 	SBCI R22,BYTE3(@0)
                 	SBCI R23,BYTE4(@0)
                 	.ENDM
                 
                 	.MACRO __SUBD2N
                 	SUBI R26,LOW(@0)
                 	SBCI R27,HIGH(@0)
                 	SBCI R24,BYTE3(@0)
                 	SBCI R25,BYTE4(@0)
                 	.ENDM
                 
                 	.MACRO __ANDBMNN
                 	LDS  R30,@0+(@1)
                 	ANDI R30,LOW(@2)
                 	STS  @0+(@1),R30
                 	.ENDM
                 
                 	.MACRO __ANDWMNN
                 	LDS  R30,@0+(@1)
                 	ANDI R30,LOW(@2)
                 	STS  @0+(@1),R30
                 	LDS  R30,@0+(@1)+1
                 	ANDI R30,HIGH(@2)
                 	STS  @0+(@1)+1,R30
                 	.ENDM
                 
                 	.MACRO __ANDD1N
                 	ANDI R30,LOW(@0)
                 	ANDI R31,HIGH(@0)
                 	ANDI R22,BYTE3(@0)
                 	ANDI R23,BYTE4(@0)
                 	.ENDM
                 
                 	.MACRO __ANDD2N
                 	ANDI R26,LOW(@0)
                 	ANDI R27,HIGH(@0)
                 	ANDI R24,BYTE3(@0)
                 	ANDI R25,BYTE4(@0)
                 	.ENDM
                 
                 	.MACRO __ORBMNN
                 	LDS  R30,@0+(@1)
                 	ORI  R30,LOW(@2)
                 	STS  @0+(@1),R30
                 	.ENDM
                 
                 	.MACRO __ORWMNN
                 	LDS  R30,@0+(@1)
                 	ORI  R30,LOW(@2)
                 	STS  @0+(@1),R30
                 	LDS  R30,@0+(@1)+1
                 	ORI  R30,HIGH(@2)
                 	STS  @0+(@1)+1,R30
                 	.ENDM
                 
                 	.MACRO __ORD1N
                 	ORI  R30,LOW(@0)
                 	ORI  R31,HIGH(@0)
                 	ORI  R22,BYTE3(@0)
                 	ORI  R23,BYTE4(@0)
                 	.ENDM
                 
                 	.MACRO __ORD2N
                 	ORI  R26,LOW(@0)
                 	ORI  R27,HIGH(@0)
                 	ORI  R24,BYTE3(@0)
                 	ORI  R25,BYTE4(@0)
                 	.ENDM
                 
                 	.MACRO __DELAY_USB
                 	LDI  R24,LOW(@0)
                 __DELAY_USB_LOOP:
                 	DEC  R24
                 	BRNE __DELAY_USB_LOOP
                 	.ENDM
                 
                 	.MACRO __DELAY_USW
                 	LDI  R24,LOW(@0)
                 	LDI  R25,HIGH(@0)
                 __DELAY_USW_LOOP:
                 	SBIW R24,1
                 	BRNE __DELAY_USW_LOOP
                 	.ENDM
                 
                 	.MACRO __GETD1S
                 	LDD  R30,Y+@0
                 	LDD  R31,Y+@0+1
                 	LDD  R22,Y+@0+2
                 	LDD  R23,Y+@0+3
                 	.ENDM
                 
                 	.MACRO __GETD2S
                 	LDD  R26,Y+@0
                 	LDD  R27,Y+@0+1
                 	LDD  R24,Y+@0+2
                 	LDD  R25,Y+@0+3
                 	.ENDM
                 
                 	.MACRO __PUTD1S
                 	STD  Y+@0,R30
                 	STD  Y+@0+1,R31
                 	STD  Y+@0+2,R22
                 	STD  Y+@0+3,R23
                 	.ENDM
                 
                 	.MACRO __PUTD2S
                 	STD  Y+@0,R26
                 	STD  Y+@0+1,R27
                 	STD  Y+@0+2,R24
                 	STD  Y+@0+3,R25
                 	.ENDM
                 
                 	.MACRO __PUTDZ2
                 	STD  Z+@0,R26
                 	STD  Z+@0+1,R27
                 	STD  Z+@0+2,R24
                 	STD  Z+@0+3,R25
                 	.ENDM
                 
                 	.MACRO __CLRD1S
                 	STD  Y+@0,R30
                 	STD  Y+@0+1,R30
                 	STD  Y+@0+2,R30
                 	STD  Y+@0+3,R30
                 	.ENDM
                 
                 	.MACRO __POINTB1MN
                 	LDI  R30,LOW(@0+(@1))
                 	.ENDM
                 
                 	.MACRO __POINTW1MN
                 	LDI  R30,LOW(@0+(@1))
                 	LDI  R31,HIGH(@0+(@1))
                 	.ENDM
                 
                 	.MACRO __POINTD1M
                 	LDI  R30,LOW(@0)
                 	LDI  R31,HIGH(@0)
                 	LDI  R22,BYTE3(@0)
                 	LDI  R23,BYTE4(@0)
                 	.ENDM
                 
                 	.MACRO __POINTW1FN
                 	LDI  R30,LOW(2*@0+(@1))
                 	LDI  R31,HIGH(2*@0+(@1))
                 	.ENDM
                 
                 	.MACRO __POINTD1FN
                 	LDI  R30,LOW(2*@0+(@1))
                 	LDI  R31,HIGH(2*@0+(@1))
                 	LDI  R22,BYTE3(2*@0+(@1))
                 	LDI  R23,BYTE4(2*@0+(@1))
                 	.ENDM
                 
                 	.MACRO __POINTB2MN
                 	LDI  R26,LOW(@0+(@1))
                 	.ENDM
                 
                 	.MACRO __POINTW2MN
                 	LDI  R26,LOW(@0+(@1))
                 	LDI  R27,HIGH(@0+(@1))
                 	.ENDM
                 
                 	.MACRO __POINTW2FN
                 	LDI  R26,LOW(2*@0+(@1))
                 	LDI  R27,HIGH(2*@0+(@1))
                 	.ENDM
                 
                 	.MACRO __POINTD2FN
                 	LDI  R26,LOW(2*@0+(@1))
                 	LDI  R27,HIGH(2*@0+(@1))
                 	LDI  R24,BYTE3(2*@0+(@1))
                 	LDI  R25,BYTE4(2*@0+(@1))
                 	.ENDM
                 
                 	.MACRO __POINTBRM
                 	LDI  R@0,LOW(@1)
                 	.ENDM
                 
                 	.MACRO __POINTWRM
                 	LDI  R@0,LOW(@2)
                 	LDI  R@1,HIGH(@2)
                 	.ENDM
                 
                 	.MACRO __POINTBRMN
                 	LDI  R@0,LOW(@1+(@2))
                 	.ENDM
                 
                 	.MACRO __POINTWRMN
                 	LDI  R@0,LOW(@2+(@3))
                 	LDI  R@1,HIGH(@2+(@3))
                 	.ENDM
                 
                 	.MACRO __POINTWRFN
                 	LDI  R@0,LOW(@2*2+(@3))
                 	LDI  R@1,HIGH(@2*2+(@3))
                 	.ENDM
                 
                 	.MACRO __GETD1N
                 	LDI  R30,LOW(@0)
                 	LDI  R31,HIGH(@0)
                 	LDI  R22,BYTE3(@0)
                 	LDI  R23,BYTE4(@0)
                 	.ENDM
                 
                 	.MACRO __GETD2N
                 	LDI  R26,LOW(@0)
                 	LDI  R27,HIGH(@0)
                 	LDI  R24,BYTE3(@0)
                 	LDI  R25,BYTE4(@0)
                 	.ENDM
                 
                 	.MACRO __GETB1MN
                 	LDS  R30,@0+(@1)
                 	.ENDM
                 
                 	.MACRO __GETB1HMN
                 	LDS  R31,@0+(@1)
                 	.ENDM
                 
                 	.MACRO __GETW1MN
                 	LDS  R30,@0+(@1)
                 	LDS  R31,@0+(@1)+1
                 	.ENDM
                 
                 	.MACRO __GETD1MN
                 	LDS  R30,@0+(@1)
                 	LDS  R31,@0+(@1)+1
                 	LDS  R22,@0+(@1)+2
                 	LDS  R23,@0+(@1)+3
                 	.ENDM
                 
                 	.MACRO __GETBRMN
                 	LDS  R@0,@1+(@2)
                 	.ENDM
                 
                 	.MACRO __GETWRMN
                 	LDS  R@0,@2+(@3)
                 	LDS  R@1,@2+(@3)+1
                 	.ENDM
                 
                 	.MACRO __GETWRZ
                 	LDD  R@0,Z+@2
                 	LDD  R@1,Z+@2+1
                 	.ENDM
                 
                 	.MACRO __GETD2Z
                 	LDD  R26,Z+@0
                 	LDD  R27,Z+@0+1
                 	LDD  R24,Z+@0+2
                 	LDD  R25,Z+@0+3
                 	.ENDM
                 
                 	.MACRO __GETB2MN
                 	LDS  R26,@0+(@1)
                 	.ENDM
                 
                 	.MACRO __GETW2MN
                 	LDS  R26,@0+(@1)
                 	LDS  R27,@0+(@1)+1
                 	.ENDM
                 
                 	.MACRO __GETD2MN
                 	LDS  R26,@0+(@1)
                 	LDS  R27,@0+(@1)+1
                 	LDS  R24,@0+(@1)+2
                 	LDS  R25,@0+(@1)+3
                 	.ENDM
                 
                 	.MACRO __PUTB1MN
                 	STS  @0+(@1),R30
                 	.ENDM
                 
                 	.MACRO __PUTW1MN
                 	STS  @0+(@1),R30
                 	STS  @0+(@1)+1,R31
                 	.ENDM
                 
                 	.MACRO __PUTD1MN
                 	STS  @0+(@1),R30
                 	STS  @0+(@1)+1,R31
                 	STS  @0+(@1)+2,R22
                 	STS  @0+(@1)+3,R23
                 	.ENDM
                 
                 	.MACRO __PUTB1EN
                 	LDI  R26,LOW(@0+(@1))
                 	LDI  R27,HIGH(@0+(@1))
                 	CALL __EEPROMWRB
                 	.ENDM
                 
                 	.MACRO __PUTW1EN
                 	LDI  R26,LOW(@0+(@1))
                 	LDI  R27,HIGH(@0+(@1))
                 	CALL __EEPROMWRW
                 	.ENDM
                 
                 	.MACRO __PUTD1EN
                 	LDI  R26,LOW(@0+(@1))
                 	LDI  R27,HIGH(@0+(@1))
                 	CALL __EEPROMWRD
                 	.ENDM
                 
                 	.MACRO __PUTBR0MN
                 	STS  @0+(@1),R0
                 	.ENDM
                 
                 	.MACRO __PUTBMRN
                 	STS  @0+(@1),R@2
                 	.ENDM
                 
                 	.MACRO __PUTWMRN
                 	STS  @0+(@1),R@2
                 	STS  @0+(@1)+1,R@3
                 	.ENDM
                 
                 	.MACRO __PUTBZR
                 	STD  Z+@1,R@0
                 	.ENDM
                 
                 	.MACRO __PUTWZR
                 	STD  Z+@2,R@0
                 	STD  Z+@2+1,R@1
                 	.ENDM
                 
                 	.MACRO __GETW1R
                 	MOV  R30,R@0
                 	MOV  R31,R@1
                 	.ENDM
                 
                 	.MACRO __GETW2R
                 	MOV  R26,R@0
                 	MOV  R27,R@1
                 	.ENDM
                 
                 	.MACRO __GETWRN
                 	LDI  R@0,LOW(@2)
                 	LDI  R@1,HIGH(@2)
                 	.ENDM
                 
                 	.MACRO __PUTW1R
                 	MOV  R@0,R30
                 	MOV  R@1,R31
                 	.ENDM
                 
                 	.MACRO __PUTW2R
                 	MOV  R@0,R26
                 	MOV  R@1,R27
                 	.ENDM
                 
                 	.MACRO __ADDWRN
                 	SUBI R@0,LOW(-@2)
                 	SBCI R@1,HIGH(-@2)
                 	.ENDM
                 
                 	.MACRO __ADDWRR
                 	ADD  R@0,R@2
                 	ADC  R@1,R@3
                 	.ENDM
                 
                 	.MACRO __SUBWRN
                 	SUBI R@0,LOW(@2)
                 	SBCI R@1,HIGH(@2)
                 	.ENDM
                 
                 	.MACRO __SUBWRR
                 	SUB  R@0,R@2
                 	SBC  R@1,R@3
                 	.ENDM
                 
                 	.MACRO __ANDWRN
                 	ANDI R@0,LOW(@2)
                 	ANDI R@1,HIGH(@2)
                 	.ENDM
                 
                 	.MACRO __ANDWRR
                 	AND  R@0,R@2
                 	AND  R@1,R@3
                 	.ENDM
                 
                 	.MACRO __ORWRN
                 	ORI  R@0,LOW(@2)
                 	ORI  R@1,HIGH(@2)
                 	.ENDM
                 
                 	.MACRO __ORWRR
                 	OR   R@0,R@2
                 	OR   R@1,R@3
                 	.ENDM
                 
                 	.MACRO __EORWRR
                 	EOR  R@0,R@2
                 	EOR  R@1,R@3
                 	.ENDM
                 
                 	.MACRO __GETWRS
                 	LDD  R@0,Y+@2
                 	LDD  R@1,Y+@2+1
                 	.ENDM
                 
                 	.MACRO __PUTBSR
                 	STD  Y+@1,R@0
                 	.ENDM
                 
                 	.MACRO __PUTWSR
                 	STD  Y+@2,R@0
                 	STD  Y+@2+1,R@1
                 	.ENDM
                 
                 	.MACRO __MOVEWRR
                 	MOV  R@0,R@2
                 	MOV  R@1,R@3
                 	.ENDM
                 
                 	.MACRO __INWR
                 	IN   R@0,@2
                 	IN   R@1,@2+1
                 	.ENDM
                 
                 	.MACRO __OUTWR
                 	OUT  @2+1,R@1
                 	OUT  @2,R@0
                 	.ENDM
                 
                 	.MACRO __CALL1MN
                 	LDS  R30,@0+(@1)
                 	LDS  R31,@0+(@1)+1
                 	ICALL
                 	.ENDM
                 
                 	.MACRO __CALL1FN
                 	LDI  R30,LOW(2*@0+(@1))
                 	LDI  R31,HIGH(2*@0+(@1))
                 	CALL __GETW1PF
                 	ICALL
                 	.ENDM
                 
                 	.MACRO __CALL2EN
                 	PUSH R26
                 	PUSH R27
                 	LDI  R26,LOW(@0+(@1))
                 	LDI  R27,HIGH(@0+(@1))
                 	CALL __EEPROMRDW
                 	POP  R27
                 	POP  R26
                 	ICALL
                 	.ENDM
                 
                 	.MACRO __CALL2EX
                 	SUBI R26,LOW(-@0)
                 	SBCI R27,HIGH(-@0)
                 	CALL __EEPROMRDD
                 	ICALL
                 	.ENDM
                 
                 	.MACRO __GETW1STACK
                 	IN   R30,SPL
                 	IN   R31,SPH
                 	ADIW R30,@0+1
                 	LD   R0,Z+
                 	LD   R31,Z
                 	MOV  R30,R0
                 	.ENDM
                 
                 	.MACRO __GETD1STACK
                 	IN   R30,SPL
                 	IN   R31,SPH
                 	ADIW R30,@0+1
                 	LD   R0,Z+
                 	LD   R1,Z+
                 	LD   R22,Z
                 	MOVW R30,R0
                 	.ENDM
                 
                 	.MACRO __NBST
                 	BST  R@0,@1
                 	IN   R30,SREG
                 	LDI  R31,0x40
                 	EOR  R30,R31
                 	OUT  SREG,R30
                 	.ENDM
                 
                 
                 	.MACRO __PUTB1SN
                 	LDD  R26,Y+@0
                 	LDD  R27,Y+@0+1
                 	SUBI R26,LOW(-@1)
                 	SBCI R27,HIGH(-@1)
                 	ST   X,R30
                 	.ENDM
                 
                 	.MACRO __PUTW1SN
                 	LDD  R26,Y+@0
                 	LDD  R27,Y+@0+1
                 	SUBI R26,LOW(-@1)
                 	SBCI R27,HIGH(-@1)
                 	ST   X+,R30
                 	ST   X,R31
                 	.ENDM
                 
                 	.MACRO __PUTD1SN
                 	LDD  R26,Y+@0
                 	LDD  R27,Y+@0+1
                 	SUBI R26,LOW(-@1)
                 	SBCI R27,HIGH(-@1)
                 	CALL __PUTDP1
                 	.ENDM
                 
                 	.MACRO __PUTB1SNS
                 	LDD  R26,Y+@0
                 	LDD  R27,Y+@0+1
                 	ADIW R26,@1
                 	ST   X,R30
                 	.ENDM
                 
                 	.MACRO __PUTW1SNS
                 	LDD  R26,Y+@0
                 	LDD  R27,Y+@0+1
                 	ADIW R26,@1
                 	ST   X+,R30
                 	ST   X,R31
                 	.ENDM
                 
                 	.MACRO __PUTD1SNS
                 	LDD  R26,Y+@0
                 	LDD  R27,Y+@0+1
                 	ADIW R26,@1
                 	CALL __PUTDP1
                 	.ENDM
                 
                 	.MACRO __PUTB1PMN
                 	LDS  R26,@0
                 	LDS  R27,@0+1
                 	SUBI R26,LOW(-@1)
                 	SBCI R27,HIGH(-@1)
                 	ST   X,R30
                 	.ENDM
                 
                 	.MACRO __PUTW1PMN
                 	LDS  R26,@0
                 	LDS  R27,@0+1
                 	SUBI R26,LOW(-@1)
                 	SBCI R27,HIGH(-@1)
                 	ST   X+,R30
                 	ST   X,R31
                 	.ENDM
                 
                 	.MACRO __PUTD1PMN
                 	LDS  R26,@0
                 	LDS  R27,@0+1
                 	SUBI R26,LOW(-@1)
                 	SBCI R27,HIGH(-@1)
                 	CALL __PUTDP1
                 	.ENDM
                 
                 	.MACRO __PUTB1PMNS
                 	LDS  R26,@0
                 	LDS  R27,@0+1
                 	ADIW R26,@1
                 	ST   X,R30
                 	.ENDM
                 
                 	.MACRO __PUTW1PMNS
                 	LDS  R26,@0
                 	LDS  R27,@0+1
                 	ADIW R26,@1
                 	ST   X+,R30
                 	ST   X,R31
                 	.ENDM
                 
                 	.MACRO __PUTD1PMNS
                 	LDS  R26,@0
                 	LDS  R27,@0+1
                 	ADIW R26,@1
                 	CALL __PUTDP1
                 	.ENDM
                 
                 	.MACRO __PUTB1RN
                 	MOVW R26,R@0
                 	SUBI R26,LOW(-@1)
                 	SBCI R27,HIGH(-@1)
                 	ST   X,R30
                 	.ENDM
                 
                 	.MACRO __PUTW1RN
                 	MOVW R26,R@0
                 	SUBI R26,LOW(-@1)
                 	SBCI R27,HIGH(-@1)
                 	ST   X+,R30
                 	ST   X,R31
                 	.ENDM
                 
                 	.MACRO __PUTD1RN
                 	MOVW R26,R@0
                 	SUBI R26,LOW(-@1)
                 	SBCI R27,HIGH(-@1)
                 	CALL __PUTDP1
                 	.ENDM
                 
                 	.MACRO __PUTB1RNS
                 	MOVW R26,R@0
                 	ADIW R26,@1
                 	ST   X,R30
                 	.ENDM
                 
                 	.MACRO __PUTW1RNS
                 	MOVW R26,R@0
                 	ADIW R26,@1
                 	ST   X+,R30
                 	ST   X,R31
                 	.ENDM
                 
                 	.MACRO __PUTD1RNS
                 	MOVW R26,R@0
                 	ADIW R26,@1
                 	CALL __PUTDP1
                 	.ENDM
                 
                 	.MACRO __PUTB1RON
                 	MOV  R26,R@0
                 	MOV  R27,R@1
                 	SUBI R26,LOW(-@2)
                 	SBCI R27,HIGH(-@2)
                 	ST   X,R30
                 	.ENDM
                 
                 	.MACRO __PUTW1RON
                 	MOV  R26,R@0
                 	MOV  R27,R@1
                 	SUBI R26,LOW(-@2)
                 	SBCI R27,HIGH(-@2)
                 	ST   X+,R30
                 	ST   X,R31
                 	.ENDM
                 
                 	.MACRO __PUTD1RON
                 	MOV  R26,R@0
                 	MOV  R27,R@1
                 	SUBI R26,LOW(-@2)
                 	SBCI R27,HIGH(-@2)
                 	CALL __PUTDP1
                 	.ENDM
                 
                 	.MACRO __PUTB1RONS
                 	MOV  R26,R@0
                 	MOV  R27,R@1
                 	ADIW R26,@2
                 	ST   X,R30
                 	.ENDM
                 
                 	.MACRO __PUTW1RONS
                 	MOV  R26,R@0
                 	MOV  R27,R@1
                 	ADIW R26,@2
                 	ST   X+,R30
                 	ST   X,R31
                 	.ENDM
                 
                 	.MACRO __PUTD1RONS
                 	MOV  R26,R@0
                 	MOV  R27,R@1
                 	ADIW R26,@2
                 	CALL __PUTDP1
                 	.ENDM
                 
                 
                 	.MACRO __GETB1SX
                 	MOVW R30,R28
                 	SUBI R30,LOW(-@0)
                 	SBCI R31,HIGH(-@0)
                 	LD   R30,Z
                 	.ENDM
                 
                 	.MACRO __GETB1HSX
                 	MOVW R30,R28
                 	SUBI R30,LOW(-@0)
                 	SBCI R31,HIGH(-@0)
                 	LD   R31,Z
                 	.ENDM
                 
                 	.MACRO __GETW1SX
                 	MOVW R30,R28
                 	SUBI R30,LOW(-@0)
                 	SBCI R31,HIGH(-@0)
                 	LD   R0,Z+
                 	LD   R31,Z
                 	MOV  R30,R0
                 	.ENDM
                 
                 	.MACRO __GETD1SX
                 	MOVW R30,R28
                 	SUBI R30,LOW(-@0)
                 	SBCI R31,HIGH(-@0)
                 	LD   R0,Z+
                 	LD   R1,Z+
                 	LD   R22,Z+
                 	LD   R23,Z
                 	MOVW R30,R0
                 	.ENDM
                 
                 	.MACRO __GETB2SX
                 	MOVW R26,R28
                 	SUBI R26,LOW(-@0)
                 	SBCI R27,HIGH(-@0)
                 	LD   R26,X
                 	.ENDM
                 
                 	.MACRO __GETW2SX
                 	MOVW R26,R28
                 	SUBI R26,LOW(-@0)
                 	SBCI R27,HIGH(-@0)
                 	LD   R0,X+
                 	LD   R27,X
                 	MOV  R26,R0
                 	.ENDM
                 
                 	.MACRO __GETD2SX
                 	MOVW R26,R28
                 	SUBI R26,LOW(-@0)
                 	SBCI R27,HIGH(-@0)
                 	LD   R0,X+
                 	LD   R1,X+
                 	LD   R24,X+
                 	LD   R25,X
                 	MOVW R26,R0
                 	.ENDM
                 
                 	.MACRO __GETBRSX
                 	MOVW R30,R28
                 	SUBI R30,LOW(-@1)
                 	SBCI R31,HIGH(-@1)
                 	LD   R@0,Z
                 	.ENDM
                 
                 	.MACRO __GETWRSX
                 	MOVW R30,R28
                 	SUBI R30,LOW(-@2)
                 	SBCI R31,HIGH(-@2)
                 	LD   R@0,Z+
                 	LD   R@1,Z
                 	.ENDM
                 
                 	.MACRO __GETBRSX2
                 	MOVW R26,R28
                 	SUBI R26,LOW(-@1)
                 	SBCI R27,HIGH(-@1)
                 	LD   R@0,X
                 	.ENDM
                 
                 	.MACRO __GETWRSX2
                 	MOVW R26,R28
                 	SUBI R26,LOW(-@2)
                 	SBCI R27,HIGH(-@2)
                 	LD   R@0,X+
                 	LD   R@1,X
                 	.ENDM
                 
                 	.MACRO __LSLW8SX
                 	MOVW R30,R28
                 	SUBI R30,LOW(-@0)
                 	SBCI R31,HIGH(-@0)
                 	LD   R31,Z
                 	CLR  R30
                 	.ENDM
                 
                 	.MACRO __PUTB1SX
                 	MOVW R26,R28
                 	SUBI R26,LOW(-@0)
                 	SBCI R27,HIGH(-@0)
                 	ST   X,R30
                 	.ENDM
                 
                 	.MACRO __PUTW1SX
                 	MOVW R26,R28
                 	SUBI R26,LOW(-@0)
                 	SBCI R27,HIGH(-@0)
                 	ST   X+,R30
                 	ST   X,R31
                 	.ENDM
                 
                 	.MACRO __PUTD1SX
                 	MOVW R26,R28
                 	SUBI R26,LOW(-@0)
                 	SBCI R27,HIGH(-@0)
                 	ST   X+,R30
                 	ST   X+,R31
                 	ST   X+,R22
                 	ST   X,R23
                 	.ENDM
                 
                 	.MACRO __CLRW1SX
                 	MOVW R26,R28
                 	SUBI R26,LOW(-@0)
                 	SBCI R27,HIGH(-@0)
                 	ST   X+,R30
                 	ST   X,R30
                 	.ENDM
                 
                 	.MACRO __CLRD1SX
                 	MOVW R26,R28
                 	SUBI R26,LOW(-@0)
                 	SBCI R27,HIGH(-@0)
                 	ST   X+,R30
                 	ST   X+,R30
                 	ST   X+,R30
                 	ST   X,R30
                 	.ENDM
                 
                 	.MACRO __PUTB2SX
                 	MOVW R30,R28
                 	SUBI R30,LOW(-@0)
                 	SBCI R31,HIGH(-@0)
                 	ST   Z,R26
                 	.ENDM
                 
                 	.MACRO __PUTW2SX
                 	MOVW R30,R28
                 	SUBI R30,LOW(-@0)
                 	SBCI R31,HIGH(-@0)
                 	ST   Z+,R26
                 	ST   Z,R27
                 	.ENDM
                 
                 	.MACRO __PUTD2SX
                 	MOVW R30,R28
                 	SUBI R30,LOW(-@0)
                 	SBCI R31,HIGH(-@0)
                 	ST   Z+,R26
                 	ST   Z+,R27
                 	ST   Z+,R24
                 	ST   Z,R25
                 	.ENDM
                 
                 	.MACRO __PUTBSRX
                 	MOVW R30,R28
                 	SUBI R30,LOW(-@1)
                 	SBCI R31,HIGH(-@1)
                 	ST   Z,R@0
                 	.ENDM
                 
                 	.MACRO __PUTWSRX
                 	MOVW R30,R28
                 	SUBI R30,LOW(-@2)
                 	SBCI R31,HIGH(-@2)
                 	ST   Z+,R@0
                 	ST   Z,R@1
                 	.ENDM
                 
                 	.MACRO __PUTB1SNX
                 	MOVW R26,R28
                 	SUBI R26,LOW(-@0)
                 	SBCI R27,HIGH(-@0)
                 	LD   R0,X+
                 	LD   R27,X
                 	MOV  R26,R0
                 	SUBI R26,LOW(-@1)
                 	SBCI R27,HIGH(-@1)
                 	ST   X,R30
                 	.ENDM
                 
                 	.MACRO __PUTW1SNX
                 	MOVW R26,R28
                 	SUBI R26,LOW(-@0)
                 	SBCI R27,HIGH(-@0)
                 	LD   R0,X+
                 	LD   R27,X
                 	MOV  R26,R0
                 	SUBI R26,LOW(-@1)
                 	SBCI R27,HIGH(-@1)
                 	ST   X+,R30
                 	ST   X,R31
                 	.ENDM
                 
                 	.MACRO __PUTD1SNX
                 	MOVW R26,R28
                 	SUBI R26,LOW(-@0)
                 	SBCI R27,HIGH(-@0)
                 	LD   R0,X+
                 	LD   R27,X
                 	MOV  R26,R0
                 	SUBI R26,LOW(-@1)
                 	SBCI R27,HIGH(-@1)
                 	ST   X+,R30
                 	ST   X+,R31
                 	ST   X+,R22
                 	ST   X,R23
                 	.ENDM
                 
                 	.MACRO __MULBRR
                 	MULS R@0,R@1
                 	MOVW R30,R0
                 	.ENDM
                 
                 	.MACRO __MULBRRU
                 	MUL  R@0,R@1
                 	MOVW R30,R0
                 	.ENDM
                 
                 	.MACRO __MULBRR0
                 	MULS R@0,R@1
                 	.ENDM
                 
                 	.MACRO __MULBRRU0
                 	MUL  R@0,R@1
                 	.ENDM
                 
                 	.MACRO __MULBNWRU
                 	LDI  R26,@2
                 	MUL  R26,R@0
                 	MOVW R30,R0
                 	MUL  R26,R@1
                 	ADD  R31,R0
                 	.ENDM
                 
                 ;NAME DEFINITIONS FOR GLOBAL VARIABLES ALLOCATED TO REGISTERS
                 	.DEF _temp=R4
                 	.DEF _temp_msb=R5
                 	.DEF __lcd_x=R7
                 	.DEF __lcd_y=R6
                 	.DEF __lcd_maxx=R9
                 
                 	.CSEG
                 	.ORG 0x00
                 
                 ;START OF CODE MARKER
                 __START_OF_CODE:
                 
                 ;INTERRUPT VECTORS
000000 940c 0047 	JMP  __RESET
000002 940c 0000 	JMP  0x00
000004 940c 0000 	JMP  0x00
000006 940c 0000 	JMP  0x00
000008 940c 0000 	JMP  0x00
00000a 940c 0000 	JMP  0x00
00000c 940c 0000 	JMP  0x00
00000e 940c 0000 	JMP  0x00
000010 940c 0000 	JMP  0x00
000012 940c 0000 	JMP  0x00
000014 940c 0000 	JMP  0x00
000016 940c 0000 	JMP  0x00
000018 940c 0000 	JMP  0x00
00001a 940c 0000 	JMP  0x00
00001c 940c 0000 	JMP  0x00
00001e 940c 0000 	JMP  0x00
000020 940c 0000 	JMP  0x00
000022 940c 0000 	JMP  0x00
000024 940c 0000 	JMP  0x00
000026 940c 0000 	JMP  0x00
000028 940c 0000 	JMP  0x00
                 
                 _tbl10_G101:
00002a 2710
00002b 03e8
00002c 0064
00002d 000a      	.DB  0x10,0x27,0xE8,0x3,0x64,0x0,0xA,0x0
00002e 0001      	.DB  0x1,0x0
                 _tbl16_G101:
00002f 1000
000030 0100
000031 0010
000032 0001      	.DB  0x0,0x10,0x0,0x1,0x10,0x0,0x1,0x0
                 __base_y_G102:
000033 a080
000034 e0c0      	.DB  0x80,0xA0,0xC0,0xE0
                 
                 _0x0:
000035 6574
000036 706d
000037 7265
000038 7461      	.DB  0x74,0x65,0x6D,0x70,0x65,0x72,0x61,0x74
000039 726f
00003a 003a
00003b 6425
E:\projectsss\6\6-1\Debug\List\1.asm(1133): warning: .cseg .db misalignment - padding zero byte
00003c 0000      	.DB  0x6F,0x72,0x3A,0x0,0x25,0x64,0x0
                 _0x2000060:
E:\projectsss\6\6-1\Debug\List\1.asm(1135): warning: .cseg .db misalignment - padding zero byte
00003d 0001      	.DB  0x1
                 _0x2000000:
00003e 4e2d
00003f 4e41
000040 4900
000041 464e      	.DB  0x2D,0x4E,0x41,0x4E,0x0,0x49,0x4E,0x46
E:\projectsss\6\6-1\Debug\List\1.asm(1138): warning: .cseg .db misalignment - padding zero byte
000042 0000      	.DB  0x0
                 
                 __GLOBAL_INI_TBL:
000043 0001      	.DW  0x01
000044 026f      	.DW  __seed_G100
000045 007a      	.DW  _0x2000060*2
                 
                 _0xFFFFFFFF:
000046 0000      	.DW  0
                 
                 #define __GLOBAL_INI_TBL_PRESENT 1
                 
                 __RESET:
000047 94f8      	CLI
000048 27ee      	CLR  R30
000049 bbec      	OUT  EECR,R30
                 
                 ;INTERRUPT VECTORS ARE PLACED
                 ;AT THE START OF FLASH
00004a e0f1      	LDI  R31,1
00004b bffb      	OUT  GICR,R31
00004c bfeb      	OUT  GICR,R30
00004d bfe5      	OUT  MCUCR,R30
                 
                 ;CLEAR R2-R14
00004e e08d      	LDI  R24,(14-2)+1
00004f e0a2      	LDI  R26,2
000050 27bb      	CLR  R27
                 __CLEAR_REG:
000051 93ed      	ST   X+,R30
000052 958a      	DEC  R24
000053 f7e9      	BRNE __CLEAR_REG
                 
                 ;CLEAR SRAM
000054 e080      	LDI  R24,LOW(__CLEAR_SRAM_SIZE)
000055 e098      	LDI  R25,HIGH(__CLEAR_SRAM_SIZE)
000056 e6a0      	LDI  R26,__SRAM_START
                 __CLEAR_SRAM:
000057 93ed      	ST   X+,R30
000058 9701      	SBIW R24,1
000059 f7e9      	BRNE __CLEAR_SRAM
                 
                 ;GLOBAL VARIABLES INITIALIZATION
00005a e8e6      	LDI  R30,LOW(__GLOBAL_INI_TBL*2)
00005b e0f0      	LDI  R31,HIGH(__GLOBAL_INI_TBL*2)
                 __GLOBAL_INI_NEXT:
00005c 9185      	LPM  R24,Z+
00005d 9195      	LPM  R25,Z+
00005e 9700      	SBIW R24,0
00005f f061      	BREQ __GLOBAL_INI_END
000060 91a5      	LPM  R26,Z+
000061 91b5      	LPM  R27,Z+
000062 9005      	LPM  R0,Z+
000063 9015      	LPM  R1,Z+
000064 01bf      	MOVW R22,R30
000065 01f0      	MOVW R30,R0
                 __GLOBAL_INI_LOOP:
000066 9005      	LPM  R0,Z+
000067 920d      	ST   X+,R0
000068 9701      	SBIW R24,1
000069 f7e1      	BRNE __GLOBAL_INI_LOOP
00006a 01fb      	MOVW R30,R22
00006b cff0      	RJMP __GLOBAL_INI_NEXT
                 __GLOBAL_INI_END:
                 
                 ;HARDWARE STACK POINTER INITIALIZATION
00006c e5ef      	LDI  R30,LOW(__SRAM_END-__HEAP_SIZE)
00006d bfed      	OUT  SPL,R30
00006e e0e8      	LDI  R30,HIGH(__SRAM_END-__HEAP_SIZE)
00006f bfee      	OUT  SPH,R30
                 
                 ;DATA STACK POINTER INITIALIZATION
000070 e6c0      	LDI  R28,LOW(__SRAM_START+__DSTACK_SIZE)
000071 e0d2      	LDI  R29,HIGH(__SRAM_START+__DSTACK_SIZE)
                 
000072 940c 0074 	JMP  _main
                 
                 	.ESEG
                 	.ORG 0
                 
                 	.DSEG
                 	.ORG 0x260
                 
                 	.CSEG
                 ;/*******************************************************
                 ;This program was created by the
                 ;CodeWizardAVR V3.12 Advanced
                 ;Automatic Program Generator
                 ;© Copyright 1998-2014 Pavel Haiduc, HP InfoTech s.r.l.
                 ;http://www.hpinfotech.com
                 ;
                 ;Project :
                 ;Version :
                 ;Date    : 29/06/2021
                 ;Author  :
                 ;Company :
                 ;Comments:
                 ;
                 ;
                 ;Chip type               : ATmega32
                 ;Program type            : Application
                 ;AVR Core Clock frequency: 1/000000 MHz
                 ;Memory model            : Small
                 ;External RAM size       : 0
                 ;Data Stack size         : 512
                 ;*******************************************************/
                 ;#include <stdlib.h>
                 ;#include <mega32.h>
                 	#ifndef __SLEEP_DEFINED__
                 	#define __SLEEP_DEFINED__
                 	.EQU __se_bit=0x80
                 	.EQU __sm_mask=0x70
                 	.EQU __sm_powerdown=0x20
                 	.EQU __sm_powersave=0x30
                 	.EQU __sm_standby=0x60
                 	.EQU __sm_ext_standby=0x70
                 	.EQU __sm_adc_noise_red=0x10
                 	.SET power_ctrl_reg=mcucr
                 	#endif
                 ;#include <stdio.h>
                 ;#include <delay.h>
                 ;// Alphanumeric LCD functions
                 ;#include <alcd_ks0073.h>
                 ;
                 ;// Declare your global variables here
                 ;unsigned int temp;
                 ;char temp1[15];
                 ;// Standard Input/Output functions
                 ;#include <stdio.h>
                 ;
                 ;void main(void)
                 ; 0000 0025 {
                 
                 	.CSEG
                 _main:
                 ; .FSTART _main
                 ; 0000 0026 // Declare your local variables here
                 ; 0000 0027 
                 ; 0000 0028 // Input/Output Ports initialization
                 ; 0000 0029 // Port A initialization
                 ; 0000 002A // Function: Bit7=In Bit6=In Bit5=In Bit4=In Bit3=Out Bit2=Out Bit1=Out Bit0=Out
                 ; 0000 002B DDRA=(0<<DDA7) | (0<<DDA6) | (0<<DDA5) | (0<<DDA4) | (1<<DDA3) | (1<<DDA2) | (1<<DDA1) | (1<<DDA0);
000074 e0ef      	LDI  R30,LOW(15)
000075 bbea      	OUT  0x1A,R30
                 ; 0000 002C // State: Bit7=T Bit6=T Bit5=T Bit4=T Bit3=0 Bit2=0 Bit1=0 Bit0=0
                 ; 0000 002D PORTA=(0<<PORTA7) | (0<<PORTA6) | (0<<PORTA5) | (0<<PORTA4) | (0<<PORTA3) | (0<<PORTA2) | (0<<PORTA1) | (0<<PORTA0);
000076 e0e0      	LDI  R30,LOW(0)
000077 bbeb      	OUT  0x1B,R30
                 ; 0000 002E 
                 ; 0000 002F // Port B initialization
                 ; 0000 0030 // Function: Bit7=In Bit6=In Bit5=In Bit4=In Bit3=In Bit2=In Bit1=In Bit0=In
                 ; 0000 0031 DDRB=(0<<DDB7) | (0<<DDB6) | (0<<DDB5) | (0<<DDB4) | (0<<DDB3) | (0<<DDB2) | (0<<DDB1) | (0<<DDB0);
000078 bbe7      	OUT  0x17,R30
                 ; 0000 0032 // State: Bit7=T Bit6=T Bit5=T Bit4=T Bit3=T Bit2=T Bit1=T Bit0=T
                 ; 0000 0033 PORTB=(0<<PORTB7) | (0<<PORTB6) | (0<<PORTB5) | (0<<PORTB4) | (0<<PORTB3) | (0<<PORTB2) | (0<<PORTB1) | (0<<PORTB0);
000079 bbe8      	OUT  0x18,R30
                 ; 0000 0034 
                 ; 0000 0035 // Port C initialization
                 ; 0000 0036 // Function: Bit7=In Bit6=In Bit5=In Bit4=In Bit3=In Bit2=In Bit1=In Bit0=In
                 ; 0000 0037 DDRC=(0<<DDC7) | (0<<DDC6) | (0<<DDC5) | (0<<DDC4) | (0<<DDC3) | (0<<DDC2) | (0<<DDC1) | (0<<DDC0);
00007a bbe4      	OUT  0x14,R30
                 ; 0000 0038 // State: Bit7=T Bit6=T Bit5=T Bit4=T Bit3=T Bit2=T Bit1=T Bit0=T
                 ; 0000 0039 PORTC=(0<<PORTC7) | (0<<PORTC6) | (0<<PORTC5) | (0<<PORTC4) | (0<<PORTC3) | (0<<PORTC2) | (0<<PORTC1) | (0<<PORTC0);
00007b bbe5      	OUT  0x15,R30
                 ; 0000 003A 
                 ; 0000 003B // Port D initialization
                 ; 0000 003C // Function: Bit7=Out Bit6=Out Bit5=In Bit4=In Bit3=In Bit2=In Bit1=In Bit0=In
                 ; 0000 003D DDRD=(1<<DDD7) | (1<<DDD6) | (0<<DDD5) | (0<<DDD4) | (0<<DDD3) | (0<<DDD2) | (0<<DDD1) | (0<<DDD0);
00007c ece0      	LDI  R30,LOW(192)
00007d bbe1      	OUT  0x11,R30
                 ; 0000 003E // State: Bit7=0 Bit6=0 Bit5=T Bit4=T Bit3=T Bit2=T Bit1=T Bit0=T
                 ; 0000 003F PORTD=(0<<PORTD7) | (0<<PORTD6) | (0<<PORTD5) | (0<<PORTD4) | (0<<PORTD3) | (0<<PORTD2) | (0<<PORTD1) | (0<<PORTD0);
00007e e0e0      	LDI  R30,LOW(0)
00007f bbe2      	OUT  0x12,R30
                 ; 0000 0040 
                 ; 0000 0041 // Timer/Counter 0 initialization
                 ; 0000 0042 // Clock source: System Clock
                 ; 0000 0043 // Clock value: Timer 0 Stopped
                 ; 0000 0044 // Mode: Normal top=0xFF
                 ; 0000 0045 // OC0 output: Disconnected
                 ; 0000 0046 TCCR0=(0<<WGM00) | (0<<COM01) | (0<<COM00) | (0<<WGM01) | (0<<CS02) | (0<<CS01) | (0<<CS00);
000080 bfe3      	OUT  0x33,R30
                 ; 0000 0047 TCNT0=0x00;
000081 bfe2      	OUT  0x32,R30
                 ; 0000 0048 OCR0=0x00;
000082 bfec      	OUT  0x3C,R30
                 ; 0000 0049 
                 ; 0000 004A // Timer/Counter 1 initialization
                 ; 0000 004B // Clock source: System Clock
                 ; 0000 004C // Clock value: Timer1 Stopped
                 ; 0000 004D // Mode: Normal top=0xFFFF
                 ; 0000 004E // OC1A output: Disconnected
                 ; 0000 004F // OC1B output: Disconnected
                 ; 0000 0050 // Noise Canceler: Off
                 ; 0000 0051 // Input Capture on Falling Edge
                 ; 0000 0052 // Timer1 Overflow Interrupt: Off
                 ; 0000 0053 // Input Capture Interrupt: Off
                 ; 0000 0054 // Compare A Match Interrupt: Off
                 ; 0000 0055 // Compare B Match Interrupt: Off
                 ; 0000 0056 TCCR1A=(0<<COM1A1) | (0<<COM1A0) | (0<<COM1B1) | (0<<COM1B0) | (0<<WGM11) | (0<<WGM10);
000083 bdef      	OUT  0x2F,R30
                 ; 0000 0057 TCCR1B=(0<<ICNC1) | (0<<ICES1) | (0<<WGM13) | (0<<WGM12) | (0<<CS12) | (0<<CS11) | (0<<CS10);
000084 bdee      	OUT  0x2E,R30
                 ; 0000 0058 TCNT1H=0x00;
000085 bded      	OUT  0x2D,R30
                 ; 0000 0059 TCNT1L=0x00;
000086 bdec      	OUT  0x2C,R30
                 ; 0000 005A ICR1H=0x00;
000087 bde7      	OUT  0x27,R30
                 ; 0000 005B ICR1L=0x00;
000088 bde6      	OUT  0x26,R30
                 ; 0000 005C OCR1AH=0x00;
000089 bdeb      	OUT  0x2B,R30
                 ; 0000 005D OCR1AL=0x00;
00008a bdea      	OUT  0x2A,R30
                 ; 0000 005E OCR1BH=0x00;
00008b bde9      	OUT  0x29,R30
                 ; 0000 005F OCR1BL=0x00;
00008c bde8      	OUT  0x28,R30
                 ; 0000 0060 
                 ; 0000 0061 // Timer/Counter 2 initialization
                 ; 0000 0062 // Clock source: System Clock
                 ; 0000 0063 // Clock value: Timer2 Stopped
                 ; 0000 0064 // Mode: Normal top=0xFF
                 ; 0000 0065 // OC2 output: Disconnected
                 ; 0000 0066 ASSR=0<<AS2;
00008d bde2      	OUT  0x22,R30
                 ; 0000 0067 TCCR2=(0<<PWM2) | (0<<COM21) | (0<<COM20) | (0<<CTC2) | (0<<CS22) | (0<<CS21) | (0<<CS20);
00008e bde5      	OUT  0x25,R30
                 ; 0000 0068 TCNT2=0x00;
00008f bde4      	OUT  0x24,R30
                 ; 0000 0069 OCR2=0x00;
000090 bde3      	OUT  0x23,R30
                 ; 0000 006A 
                 ; 0000 006B // Timer(s)/Counter(s) Interrupt(s) initialization
                 ; 0000 006C TIMSK=(0<<OCIE2) | (0<<TOIE2) | (0<<TICIE1) | (0<<OCIE1A) | (0<<OCIE1B) | (0<<TOIE1) | (0<<OCIE0) | (0<<TOIE0);
000091 bfe9      	OUT  0x39,R30
                 ; 0000 006D 
                 ; 0000 006E // External Interrupt(s) initialization
                 ; 0000 006F // INT0: Off
                 ; 0000 0070 // INT1: Off
                 ; 0000 0071 // INT2: Off
                 ; 0000 0072 MCUCR=(0<<ISC11) | (0<<ISC10) | (0<<ISC01) | (0<<ISC00);
000092 bfe5      	OUT  0x35,R30
                 ; 0000 0073 MCUCSR=(0<<ISC2);
000093 bfe4      	OUT  0x34,R30
                 ; 0000 0074 
                 ; 0000 0075 // USART initialization
                 ; 0000 0076 // Communication Parameters: 8 Data, 1 Stop, No Parity
                 ; 0000 0077 // USART Receiver: On
                 ; 0000 0078 // USART Transmitter: On
                 ; 0000 0079 // USART Mode: Asynchronous
                 ; 0000 007A // USART Baud Rate: 4800
                 ; 0000 007B UCSRA=(0<<RXC) | (0<<TXC) | (0<<UDRE) | (0<<FE) | (0<<DOR) | (0<<UPE) | (0<<U2X) | (0<<MPCM);
000094 b9eb      	OUT  0xB,R30
                 ; 0000 007C UCSRB=(0<<RXCIE) | (0<<TXCIE) | (0<<UDRIE) | (1<<RXEN) | (1<<TXEN) | (0<<UCSZ2) | (0<<RXB8) | (0<<TXB8);
000095 e1e8      	LDI  R30,LOW(24)
000096 b9ea      	OUT  0xA,R30
                 ; 0000 007D UCSRC=(1<<URSEL) | (0<<UMSEL) | (0<<UPM1) | (0<<UPM0) | (0<<USBS) | (1<<UCSZ1) | (1<<UCSZ0) | (0<<UCPOL);
000097 e8e6      	LDI  R30,LOW(134)
000098 bde0      	OUT  0x20,R30
                 ; 0000 007E UBRRH=0x00;
000099 e0e0      	LDI  R30,LOW(0)
00009a bde0      	OUT  0x20,R30
                 ; 0000 007F UBRRL=0x0C;
00009b e0ec      	LDI  R30,LOW(12)
00009c b9e9      	OUT  0x9,R30
                 ; 0000 0080 
                 ; 0000 0081 // Analog Comparator initialization
                 ; 0000 0082 // Analog Comparator: Off
                 ; 0000 0083 // The Analog Comparator's positive input is
                 ; 0000 0084 // connected to the AIN0 pin
                 ; 0000 0085 // The Analog Comparator's negative input is
                 ; 0000 0086 // connected to the AIN1 pin
                 ; 0000 0087 ACSR=(1<<ACD) | (0<<ACBG) | (0<<ACO) | (0<<ACI) | (0<<ACIE) | (0<<ACIC) | (0<<ACIS1) | (0<<ACIS0);
00009d e8e0      	LDI  R30,LOW(128)
00009e b9e8      	OUT  0x8,R30
                 ; 0000 0088 SFIOR=(0<<ACME);
00009f e0e0      	LDI  R30,LOW(0)
0000a0 bfe0      	OUT  0x30,R30
                 ; 0000 0089 
                 ; 0000 008A // ADC initialization
                 ; 0000 008B // ADC disabled
                 ; 0000 008C ADCSRA=(0<<ADEN) | (0<<ADSC) | (0<<ADATE) | (0<<ADIF) | (0<<ADIE) | (0<<ADPS2) | (0<<ADPS1) | (0<<ADPS0);
0000a1 b9e6      	OUT  0x6,R30
                 ; 0000 008D 
                 ; 0000 008E // SPI initialization
                 ; 0000 008F // SPI disabled
                 ; 0000 0090 SPCR=(0<<SPIE) | (0<<SPE) | (0<<DORD) | (0<<MSTR) | (0<<CPOL) | (0<<CPHA) | (0<<SPR1) | (0<<SPR0);
0000a2 b9ed      	OUT  0xD,R30
                 ; 0000 0091 
                 ; 0000 0092 // TWI initialization
                 ; 0000 0093 // TWI disabled
                 ; 0000 0094 TWCR=(0<<TWEA) | (0<<TWSTA) | (0<<TWSTO) | (0<<TWEN) | (0<<TWIE);
0000a3 bfe6      	OUT  0x36,R30
                 ; 0000 0095 
                 ; 0000 0096 // Alphanumeric LCD initialization
                 ; 0000 0097 // Connections are specified in the
                 ; 0000 0098 // Project|Configure|C Compiler|Libraries|Alphanumeric LCD menu:
                 ; 0000 0099 // RS - PORTB Bit 0
                 ; 0000 009A // RD - PORTB Bit 1
                 ; 0000 009B // EN - PORTB Bit 2
                 ; 0000 009C // D4 - PORTB Bit 4
                 ; 0000 009D // D5 - PORTB Bit 5
                 ; 0000 009E // D6 - PORTB Bit 6
                 ; 0000 009F // D7 - PORTB Bit 7
                 ; 0000 00A0 // Characters/line: 20
                 ; 0000 00A1 lcd_init(20);
0000a4 e1a4      	LDI  R26,LOW(20)
0000a5 940e 02e8 	CALL _lcd_init
                 ; 0000 00A2 
                 ; 0000 00A3 while (1)
                 _0x3:
                 ; 0000 00A4       {
                 ; 0000 00A5       // Place your code here
                 ; 0000 00A6       lcd_clear();
0000a7 940e 02a5 	CALL _lcd_clear
                 ; 0000 00A7       lcd_putsf("temperator:");
                +
0000a9 e6aa     +LDI R26 , LOW ( 2 * _0x0 + ( 0 ) )
0000aa e0b0     +LDI R27 , HIGH ( 2 * _0x0 + ( 0 ) )
                 	__POINTW2FN _0x0,0
0000ab 940e 02d5 	CALL _lcd_putsf
                 ; 0000 00A8       temp=getchar();
0000ad 940e 00cc 	CALL _getchar
0000af 2e4e      	MOV  R4,R30
0000b0 2455      	CLR  R5
                 ; 0000 00A9       sprintf(temp1,"%d",temp);
0000b1 e6e0      	LDI  R30,LOW(_temp1)
0000b2 e0f2      	LDI  R31,HIGH(_temp1)
0000b3 93fa      	ST   -Y,R31
0000b4 93ea      	ST   -Y,R30
                +
0000b5 e7e6     +LDI R30 , LOW ( 2 * _0x0 + ( 12 ) )
0000b6 e0f0     +LDI R31 , HIGH ( 2 * _0x0 + ( 12 ) )
                 	__POINTW1FN _0x0,12
0000b7 93fa      	ST   -Y,R31
0000b8 93ea      	ST   -Y,R30
0000b9 01f2      	MOVW R30,R4
0000ba 2766      	CLR  R22
0000bb 2777      	CLR  R23
0000bc 940e 037b 	CALL __PUTPARD1
0000be e084      	LDI  R24,4
0000bf 940e 0244 	CALL _sprintf
0000c1 9628      	ADIW R28,8
                 ; 0000 00AA       lcd_puts(temp1);
0000c2 e6a0      	LDI  R26,LOW(_temp1)
0000c3 e0b2      	LDI  R27,HIGH(_temp1)
0000c4 940e 02c6 	CALL _lcd_puts
                 ; 0000 00AB       delay_ms(1000);
0000c6 eea8      	LDI  R26,LOW(1000)
0000c7 e0b3      	LDI  R27,HIGH(1000)
0000c8 940e 0361 	CALL _delay_ms
                 ; 0000 00AC       }
0000ca cfdc      	RJMP _0x3
                 ; 0000 00AD }
                 _0x6:
0000cb cfff      	RJMP _0x6
                 ; .FEND
                 
                 	.CSEG
                 
                 	.DSEG
                 
                 	.CSEG
                 	#ifndef __SLEEP_DEFINED__
                 	#endif
                 
                 	.CSEG
                 _getchar:
                 ; .FSTART _getchar
                 getchar0:
0000cc 9b5f           sbis usr,rxc
0000cd cffe           rjmp getchar0
0000ce b1ec           in   r30,udr
0000cf 9508      	RET
                 ; .FEND
                 _put_buff_G101:
                 ; .FSTART _put_buff_G101
0000d0 93ba      	ST   -Y,R27
0000d1 93aa      	ST   -Y,R26
0000d2 931a      	ST   -Y,R17
0000d3 930a      	ST   -Y,R16
0000d4 81aa      	LDD  R26,Y+2
0000d5 81bb      	LDD  R27,Y+2+1
0000d6 9612      	ADIW R26,2
0000d7 940e 0373 	CALL __GETW1P
0000d9 9730      	SBIW R30,0
0000da f159      	BREQ _0x2020010
0000db 81aa      	LDD  R26,Y+2
0000dc 81bb      	LDD  R27,Y+2+1
0000dd 9614      	ADIW R26,4
0000de 940e 0373 	CALL __GETW1P
0000e0 018f      	MOVW R16,R30
0000e1 9730      	SBIW R30,0
0000e2 f061      	BREQ _0x2020012
                +
0000e3 3002     +CPI R16 , LOW ( 2 )
0000e4 e0e0     +LDI R30 , HIGH ( 2 )
0000e5 071e     +CPC R17 , R30
                 	__CPWRN 16,17,2
0000e6 f098      	BRLO _0x2020013
0000e7 01f8      	MOVW R30,R16
0000e8 9731      	SBIW R30,1
0000e9 018f      	MOVW R16,R30
                +
0000ea 81aa     +LDD R26 , Y + 2
0000eb 81bb     +LDD R27 , Y + 2 + 1
0000ec 9614     +ADIW R26 , 4
0000ed 93ed     +ST X + , R30
0000ee 93fc     +ST X , R31
                 	__PUTW1SNS 2,4
                 _0x2020012:
0000ef 81aa      	LDD  R26,Y+2
0000f0 81bb      	LDD  R27,Y+2+1
0000f1 9612      	ADIW R26,2
0000f2 91ed      	LD   R30,X+
0000f3 91fd      	LD   R31,X+
0000f4 9631      	ADIW R30,1
0000f5 93fe      	ST   -X,R31
0000f6 93ee      	ST   -X,R30
0000f7 9731      	SBIW R30,1
0000f8 81ac      	LDD  R26,Y+4
0000f9 83a0      	STD  Z+0,R26
                 _0x2020013:
0000fa 81aa      	LDD  R26,Y+2
0000fb 81bb      	LDD  R27,Y+2+1
0000fc 940e 0373 	CALL __GETW1P
0000fe 23ff      	TST  R31
0000ff f02a      	BRMI _0x2020014
000100 91ed      	LD   R30,X+
000101 91fd      	LD   R31,X+
000102 9631      	ADIW R30,1
000103 93fe      	ST   -X,R31
000104 93ee      	ST   -X,R30
                 _0x2020014:
000105 c006      	RJMP _0x2020015
                 _0x2020010:
000106 81aa      	LDD  R26,Y+2
000107 81bb      	LDD  R27,Y+2+1
000108 efef      	LDI  R30,LOW(65535)
000109 efff      	LDI  R31,HIGH(65535)
00010a 93ed      	ST   X+,R30
00010b 93fc      	ST   X,R31
                 _0x2020015:
00010c 8119      	LDD  R17,Y+1
00010d 8108      	LDD  R16,Y+0
00010e 9625      	ADIW R28,5
00010f 9508      	RET
                 ; .FEND
                 __print_G101:
                 ; .FSTART __print_G101
000110 93ba      	ST   -Y,R27
000111 93aa      	ST   -Y,R26
000112 9726      	SBIW R28,6
000113 940e 0380 	CALL __SAVELOCR6
000115 e010      	LDI  R17,0
000116 85ac      	LDD  R26,Y+12
000117 85bd      	LDD  R27,Y+12+1
000118 e0e0      	LDI  R30,LOW(0)
000119 e0f0      	LDI  R31,HIGH(0)
00011a 93ed      	ST   X+,R30
00011b 93fc      	ST   X,R31
                 _0x2020016:
00011c 89ea      	LDD  R30,Y+18
00011d 89fb      	LDD  R31,Y+18+1
00011e 9631      	ADIW R30,1
00011f 8bea      	STD  Y+18,R30
000120 8bfb      	STD  Y+18+1,R31
000121 9731      	SBIW R30,1
000122 91e4      	LPM  R30,Z
000123 2f2e      	MOV  R18,R30
000124 30e0      	CPI  R30,0
000125 f409      	BRNE PC+2
000126 c115      	RJMP _0x2020018
000127 2fe1      	MOV  R30,R17
000128 30e0      	CPI  R30,0
000129 f439      	BRNE _0x202001C
00012a 3225      	CPI  R18,37
00012b f411      	BRNE _0x202001D
00012c e011      	LDI  R17,LOW(1)
00012d c002      	RJMP _0x202001E
                 _0x202001D:
00012e 940e 0328 	CALL SUBOPT_0x0
                 _0x202001E:
000130 c10a      	RJMP _0x202001B
                 _0x202001C:
000131 30e1      	CPI  R30,LOW(0x1)
000132 f4a9      	BRNE _0x202001F
000133 3225      	CPI  R18,37
000134 f419      	BRNE _0x2020020
000135 940e 0328 	CALL SUBOPT_0x0
000137 c102      	RJMP _0x20200CC
                 _0x2020020:
000138 e012      	LDI  R17,LOW(2)
000139 e040      	LDI  R20,LOW(0)
00013a e000      	LDI  R16,LOW(0)
00013b 322d      	CPI  R18,45
00013c f411      	BRNE _0x2020021
00013d e001      	LDI  R16,LOW(1)
00013e c0fc      	RJMP _0x202001B
                 _0x2020021:
00013f 322b      	CPI  R18,43
000140 f411      	BRNE _0x2020022
000141 e24b      	LDI  R20,LOW(43)
000142 c0f8      	RJMP _0x202001B
                 _0x2020022:
000143 3220      	CPI  R18,32
000144 f411      	BRNE _0x2020023
000145 e240      	LDI  R20,LOW(32)
000146 c0f4      	RJMP _0x202001B
                 _0x2020023:
000147 c002      	RJMP _0x2020024
                 _0x202001F:
000148 30e2      	CPI  R30,LOW(0x2)
000149 f439      	BRNE _0x2020025
                 _0x2020024:
00014a e050      	LDI  R21,LOW(0)
00014b e013      	LDI  R17,LOW(3)
00014c 3320      	CPI  R18,48
00014d f411      	BRNE _0x2020026
00014e 6800      	ORI  R16,LOW(128)
00014f c0eb      	RJMP _0x202001B
                 _0x2020026:
000150 c003      	RJMP _0x2020027
                 _0x2020025:
000151 30e3      	CPI  R30,LOW(0x3)
000152 f009      	BREQ PC+2
000153 c0e7      	RJMP _0x202001B
                 _0x2020027:
000154 3320      	CPI  R18,48
000155 f010      	BRLO _0x202002A
000156 332a      	CPI  R18,58
000157 f008      	BRLO _0x202002B
                 _0x202002A:
000158 c007      	RJMP _0x2020029
                 _0x202002B:
000159 e0aa      	LDI  R26,LOW(10)
00015a 9f5a      	MUL  R21,R26
00015b 2d50      	MOV  R21,R0
00015c 2fe2      	MOV  R30,R18
00015d 53e0      	SUBI R30,LOW(48)
00015e 0f5e      	ADD  R21,R30
00015f c0db      	RJMP _0x202001B
                 _0x2020029:
000160 2fe2      	MOV  R30,R18
000161 36e3      	CPI  R30,LOW(0x63)
000162 f449      	BRNE _0x202002F
000163 940e 032f 	CALL SUBOPT_0x1
000165 89e8      	LDD  R30,Y+16
000166 89f9      	LDD  R31,Y+16+1
000167 81a4      	LDD  R26,Z+4
000168 93aa      	ST   -Y,R26
000169 940e 0335 	CALL SUBOPT_0x2
00016b c0ce      	RJMP _0x2020030
                 _0x202002F:
00016c 37e3      	CPI  R30,LOW(0x73)
00016d f441      	BRNE _0x2020032
00016e 940e 032f 	CALL SUBOPT_0x1
000170 940e 033b 	CALL SUBOPT_0x3
000172 940e 030f 	CALL _strlen
000174 2f1e      	MOV  R17,R30
000175 c00a      	RJMP _0x2020033
                 _0x2020032:
000176 37e0      	CPI  R30,LOW(0x70)
000177 f461      	BRNE _0x2020035
000178 940e 032f 	CALL SUBOPT_0x1
00017a 940e 033b 	CALL SUBOPT_0x3
00017c 940e 031b 	CALL _strlenf
00017e 2f1e      	MOV  R17,R30
00017f 6008      	ORI  R16,LOW(8)
                 _0x2020033:
000180 6002      	ORI  R16,LOW(2)
000181 770f      	ANDI R16,LOW(127)
000182 e030      	LDI  R19,LOW(0)
000183 c034      	RJMP _0x2020036
                 _0x2020035:
000184 36e4      	CPI  R30,LOW(0x64)
000185 f011      	BREQ _0x2020039
000186 36e9      	CPI  R30,LOW(0x69)
000187 f411      	BRNE _0x202003A
                 _0x2020039:
000188 6004      	ORI  R16,LOW(4)
000189 c002      	RJMP _0x202003B
                 _0x202003A:
00018a 37e5      	CPI  R30,LOW(0x75)
00018b f431      	BRNE _0x202003C
                 _0x202003B:
00018c e5e4      	LDI  R30,LOW(_tbl10_G101*2)
00018d e0f0      	LDI  R31,HIGH(_tbl10_G101*2)
00018e 83ee      	STD  Y+6,R30
00018f 83ff      	STD  Y+6+1,R31
000190 e015      	LDI  R17,LOW(5)
000191 c00c      	RJMP _0x202003D
                 _0x202003C:
000192 35e8      	CPI  R30,LOW(0x58)
000193 f411      	BRNE _0x202003F
000194 6008      	ORI  R16,LOW(8)
000195 c003      	RJMP _0x2020040
                 _0x202003F:
000196 37e8      	CPI  R30,LOW(0x78)
000197 f009      	BREQ PC+2
000198 c0a1      	RJMP _0x2020071
                 _0x2020040:
000199 e5ee      	LDI  R30,LOW(_tbl16_G101*2)
00019a e0f0      	LDI  R31,HIGH(_tbl16_G101*2)
00019b 83ee      	STD  Y+6,R30
00019c 83ff      	STD  Y+6+1,R31
00019d e014      	LDI  R17,LOW(4)
                 _0x202003D:
00019e ff02      	SBRS R16,2
00019f c014      	RJMP _0x2020042
0001a0 940e 032f 	CALL SUBOPT_0x1
0001a2 940e 0345 	CALL SUBOPT_0x4
0001a4 85ab      	LDD  R26,Y+11
0001a5 23aa      	TST  R26
0001a6 f43a      	BRPL _0x2020043
0001a7 85ea      	LDD  R30,Y+10
0001a8 85fb      	LDD  R31,Y+10+1
0001a9 940e 036f 	CALL __ANEGW1
0001ab 87ea      	STD  Y+10,R30
0001ac 87fb      	STD  Y+10+1,R31
0001ad e24d      	LDI  R20,LOW(45)
                 _0x2020043:
0001ae 3040      	CPI  R20,0
0001af f011      	BREQ _0x2020044
0001b0 5f1f      	SUBI R17,-LOW(1)
0001b1 c001      	RJMP _0x2020045
                 _0x2020044:
0001b2 7f0b      	ANDI R16,LOW(251)
                 _0x2020045:
0001b3 c004      	RJMP _0x2020046
                 _0x2020042:
0001b4 940e 032f 	CALL SUBOPT_0x1
0001b6 940e 0345 	CALL SUBOPT_0x4
                 _0x2020046:
                 _0x2020036:
0001b8 fd00      	SBRC R16,0
0001b9 c011      	RJMP _0x2020047
                 _0x2020048:
0001ba 1715      	CP   R17,R21
0001bb f478      	BRSH _0x202004A
0001bc ff07      	SBRS R16,7
0001bd c008      	RJMP _0x202004B
0001be ff02      	SBRS R16,2
0001bf c004      	RJMP _0x202004C
0001c0 7f0b      	ANDI R16,LOW(251)
0001c1 2f24      	MOV  R18,R20
0001c2 5011      	SUBI R17,LOW(1)
0001c3 c001      	RJMP _0x202004D
                 _0x202004C:
0001c4 e320      	LDI  R18,LOW(48)
                 _0x202004D:
0001c5 c001      	RJMP _0x202004E
                 _0x202004B:
0001c6 e220      	LDI  R18,LOW(32)
                 _0x202004E:
0001c7 940e 0328 	CALL SUBOPT_0x0
0001c9 5051      	SUBI R21,LOW(1)
0001ca cfef      	RJMP _0x2020048
                 _0x202004A:
                 _0x2020047:
0001cb 2f31      	MOV  R19,R17
0001cc ff01      	SBRS R16,1
0001cd c017      	RJMP _0x202004F
                 _0x2020050:
0001ce 3030      	CPI  R19,0
0001cf f0a1      	BREQ _0x2020052
0001d0 ff03      	SBRS R16,3
0001d1 c006      	RJMP _0x2020053
0001d2 81ee      	LDD  R30,Y+6
0001d3 81ff      	LDD  R31,Y+6+1
0001d4 9125      	LPM  R18,Z+
0001d5 83ee      	STD  Y+6,R30
0001d6 83ff      	STD  Y+6+1,R31
0001d7 c005      	RJMP _0x2020054
                 _0x2020053:
0001d8 81ae      	LDD  R26,Y+6
0001d9 81bf      	LDD  R27,Y+6+1
0001da 912d      	LD   R18,X+
0001db 83ae      	STD  Y+6,R26
0001dc 83bf      	STD  Y+6+1,R27
                 _0x2020054:
0001dd 940e 0328 	CALL SUBOPT_0x0
0001df 3050      	CPI  R21,0
0001e0 f009      	BREQ _0x2020055
0001e1 5051      	SUBI R21,LOW(1)
                 _0x2020055:
0001e2 5031      	SUBI R19,LOW(1)
0001e3 cfea      	RJMP _0x2020050
                 _0x2020052:
0001e4 c04b      	RJMP _0x2020056
                 _0x202004F:
                 _0x2020058:
0001e5 e320      	LDI  R18,LOW(48)
0001e6 81ee      	LDD  R30,Y+6
0001e7 81ff      	LDD  R31,Y+6+1
0001e8 940e 0377 	CALL __GETW1PF
0001ea 87e8      	STD  Y+8,R30
0001eb 87f9      	STD  Y+8+1,R31
0001ec 81ee      	LDD  R30,Y+6
0001ed 81ff      	LDD  R31,Y+6+1
0001ee 9632      	ADIW R30,2
0001ef 83ee      	STD  Y+6,R30
0001f0 83ff      	STD  Y+6+1,R31
                 _0x202005A:
0001f1 85e8      	LDD  R30,Y+8
0001f2 85f9      	LDD  R31,Y+8+1
0001f3 85aa      	LDD  R26,Y+10
0001f4 85bb      	LDD  R27,Y+10+1
0001f5 17ae      	CP   R26,R30
0001f6 07bf      	CPC  R27,R31
0001f7 f050      	BRLO _0x202005C
0001f8 5f2f      	SUBI R18,-LOW(1)
0001f9 85a8      	LDD  R26,Y+8
0001fa 85b9      	LDD  R27,Y+8+1
0001fb 85ea      	LDD  R30,Y+10
0001fc 85fb      	LDD  R31,Y+10+1
0001fd 1bea      	SUB  R30,R26
0001fe 0bfb      	SBC  R31,R27
0001ff 87ea      	STD  Y+10,R30
000200 87fb      	STD  Y+10+1,R31
000201 cfef      	RJMP _0x202005A
                 _0x202005C:
000202 332a      	CPI  R18,58
000203 f028      	BRLO _0x202005D
000204 ff03      	SBRS R16,3
000205 c002      	RJMP _0x202005E
000206 5f29      	SUBI R18,-LOW(7)
000207 c001      	RJMP _0x202005F
                 _0x202005E:
000208 5d29      	SUBI R18,-LOW(39)
                 _0x202005F:
                 _0x202005D:
000209 fd04      	SBRC R16,4
00020a c01a      	RJMP _0x2020061
00020b 3321      	CPI  R18,49
00020c f420      	BRSH _0x2020063
00020d 85a8      	LDD  R26,Y+8
00020e 85b9      	LDD  R27,Y+8+1
00020f 9711      	SBIW R26,1
000210 f409      	BRNE _0x2020062
                 _0x2020063:
000211 c009      	RJMP _0x20200CD
                 _0x2020062:
000212 1753      	CP   R21,R19
000213 f010      	BRLO _0x2020067
000214 ff00      	SBRS R16,0
000215 c001      	RJMP _0x2020068
                 _0x2020067:
000216 c013      	RJMP _0x2020066
                 _0x2020068:
000217 e220      	LDI  R18,LOW(32)
000218 ff07      	SBRS R16,7
000219 c00b      	RJMP _0x2020069
00021a e320      	LDI  R18,LOW(48)
                 _0x20200CD:
00021b 6100      	ORI  R16,LOW(16)
00021c ff02      	SBRS R16,2
00021d c007      	RJMP _0x202006A
00021e 7f0b      	ANDI R16,LOW(251)
00021f 934a      	ST   -Y,R20
000220 940e 0335 	CALL SUBOPT_0x2
000222 3050      	CPI  R21,0
000223 f009      	BREQ _0x202006B
000224 5051      	SUBI R21,LOW(1)
                 _0x202006B:
                 _0x202006A:
                 _0x2020069:
                 _0x2020061:
000225 940e 0328 	CALL SUBOPT_0x0
000227 3050      	CPI  R21,0
000228 f009      	BREQ _0x202006C
000229 5051      	SUBI R21,LOW(1)
                 _0x202006C:
                 _0x2020066:
00022a 5031      	SUBI R19,LOW(1)
00022b 85a8      	LDD  R26,Y+8
00022c 85b9      	LDD  R27,Y+8+1
00022d 9712      	SBIW R26,2
00022e f008      	BRLO _0x2020059
00022f cfb5      	RJMP _0x2020058
                 _0x2020059:
                 _0x2020056:
000230 ff00      	SBRS R16,0
000231 c008      	RJMP _0x202006D
                 _0x202006E:
000232 3050      	CPI  R21,0
000233 f031      	BREQ _0x2020070
000234 5051      	SUBI R21,LOW(1)
000235 e2e0      	LDI  R30,LOW(32)
000236 93ea      	ST   -Y,R30
000237 940e 0335 	CALL SUBOPT_0x2
000239 cff8      	RJMP _0x202006E
                 _0x2020070:
                 _0x202006D:
                 _0x2020071:
                 _0x2020030:
                 _0x20200CC:
00023a e010      	LDI  R17,LOW(0)
                 _0x202001B:
00023b cee0      	RJMP _0x2020016
                 _0x2020018:
00023c 85ac      	LDD  R26,Y+12
00023d 85bd      	LDD  R27,Y+12+1
00023e 940e 0373 	CALL __GETW1P
000240 940e 0387 	CALL __LOADLOCR6
000242 9664      	ADIW R28,20
000243 9508      	RET
                 ; .FEND
                 _sprintf:
                 ; .FSTART _sprintf
000244 92ff      	PUSH R15
000245 2ef8      	MOV  R15,R24
000246 9726      	SBIW R28,6
000247 940e 0382 	CALL __SAVELOCR4
000249 940e 034d 	CALL SUBOPT_0x5
00024b 9730      	SBIW R30,0
00024c f419      	BRNE _0x2020072
00024d efef      	LDI  R30,LOW(65535)
00024e efff      	LDI  R31,HIGH(65535)
00024f c023      	RJMP _0x20C0003
                 _0x2020072:
000250 01de      	MOVW R26,R28
000251 9616      	ADIW R26,6
000252 940e 036b 	CALL __ADDW2R15
000254 018d      	MOVW R16,R26
000255 940e 034d 	CALL SUBOPT_0x5
000257 83ee      	STD  Y+6,R30
000258 83ff      	STD  Y+6+1,R31
000259 e0e0      	LDI  R30,LOW(0)
00025a 87e8      	STD  Y+8,R30
00025b 87e9      	STD  Y+8+1,R30
00025c 01de      	MOVW R26,R28
00025d 961a      	ADIW R26,10
00025e 940e 036b 	CALL __ADDW2R15
000260 940e 0373 	CALL __GETW1P
000262 93fa      	ST   -Y,R31
000263 93ea      	ST   -Y,R30
000264 931a      	ST   -Y,R17
000265 930a      	ST   -Y,R16
000266 ede0      	LDI  R30,LOW(_put_buff_G101)
000267 e0f0      	LDI  R31,HIGH(_put_buff_G101)
000268 93fa      	ST   -Y,R31
000269 93ea      	ST   -Y,R30
00026a 01de      	MOVW R26,R28
00026b 961a      	ADIW R26,10
00026c dea3      	RCALL __print_G101
00026d 019f      	MOVW R18,R30
00026e 81ae      	LDD  R26,Y+6
00026f 81bf      	LDD  R27,Y+6+1
000270 e0e0      	LDI  R30,LOW(0)
000271 93ec      	ST   X,R30
000272 01f9      	MOVW R30,R18
                 _0x20C0003:
000273 940e 0389 	CALL __LOADLOCR4
000275 962a      	ADIW R28,10
000276 90ff      	POP  R15
000277 9508      	RET
                 ; .FEND
                 	#ifndef __SLEEP_DEFINED__
                 	#endif
                 
                 	.CSEG
                 __lcd_write_nibble_G102:
                 ; .FSTART __lcd_write_nibble_G102
000278 93aa      	ST   -Y,R26
000279 b3e8      	IN   R30,0x18
00027a 70ef      	ANDI R30,LOW(0xF)
00027b 2fae      	MOV  R26,R30
00027c 81e8      	LD   R30,Y
00027d 7fe0      	ANDI R30,LOW(0xF0)
00027e 2bea      	OR   R30,R26
00027f bbe8      	OUT  0x18,R30
                +
000280 e081     +LDI R24 , LOW ( 1 )
                +__DELAY_USB_LOOP :
000281 958a     +DEC R24
000282 f7f1     +BRNE __DELAY_USB_LOOP
                 	__DELAY_USB 1
000283 9ac2      	SBI  0x18,2
                +
000284 e082     +LDI R24 , LOW ( 2 )
                +__DELAY_USB_LOOP :
000285 958a     +DEC R24
000286 f7f1     +BRNE __DELAY_USB_LOOP
                 	__DELAY_USB 2
000287 98c2      	CBI  0x18,2
                +
000288 e082     +LDI R24 , LOW ( 2 )
                +__DELAY_USB_LOOP :
000289 958a     +DEC R24
00028a f7f1     +BRNE __DELAY_USB_LOOP
                 	__DELAY_USB 2
00028b c081      	RJMP _0x20C0001
                 ; .FEND
                 __lcd_write_data:
                 ; .FSTART __lcd_write_data
00028c 93aa      	ST   -Y,R26
00028d 81a8      	LD   R26,Y
00028e dfe9      	RCALL __lcd_write_nibble_G102
00028f 81e8          ld    r30,y
000290 95e2          swap  r30
000291 83e8          st    y,r30
000292 81a8      	LD   R26,Y
000293 dfe4      	RCALL __lcd_write_nibble_G102
                +
000294 e181     +LDI R24 , LOW ( 17 )
                +__DELAY_USB_LOOP :
000295 958a     +DEC R24
000296 f7f1     +BRNE __DELAY_USB_LOOP
                 	__DELAY_USB 17
000297 c075      	RJMP _0x20C0001
                 ; .FEND
                 _lcd_gotoxy:
                 ; .FSTART _lcd_gotoxy
000298 93aa      	ST   -Y,R26
000299 81e8      	LD   R30,Y
00029a e0f0      	LDI  R31,0
00029b 59ea      	SUBI R30,LOW(-__base_y_G102*2)
00029c 4fff      	SBCI R31,HIGH(-__base_y_G102*2)
00029d 91e4      	LPM  R30,Z
00029e 81a9      	LDD  R26,Y+1
00029f 0fae      	ADD  R26,R30
0002a0 dfeb      	RCALL __lcd_write_data
0002a1 8079      	LDD  R7,Y+1
0002a2 8068      	LDD  R6,Y+0
0002a3 9622      	ADIW R28,2
0002a4 9508      	RET
                 ; .FEND
                 _lcd_clear:
                 ; .FSTART _lcd_clear
0002a5 e0a2      	LDI  R26,LOW(2)
0002a6 940e 0354 	CALL SUBOPT_0x6
0002a8 e0ac      	LDI  R26,LOW(12)
0002a9 dfe2      	RCALL __lcd_write_data
0002aa e0a1      	LDI  R26,LOW(1)
0002ab 940e 0354 	CALL SUBOPT_0x6
0002ad e0e0      	LDI  R30,LOW(0)
0002ae 2e6e      	MOV  R6,R30
0002af 2e7e      	MOV  R7,R30
0002b0 9508      	RET
                 ; .FEND
                 _lcd_putchar:
                 ; .FSTART _lcd_putchar
0002b1 93aa      	ST   -Y,R26
0002b2 81a8      	LD   R26,Y
0002b3 30aa      	CPI  R26,LOW(0xA)
0002b4 f011      	BREQ _0x2040004
0002b5 1479      	CP   R7,R9
0002b6 f048      	BRLO _0x2040003
                 _0x2040004:
0002b7 e0e0      	LDI  R30,LOW(0)
0002b8 93ea      	ST   -Y,R30
0002b9 9463      	INC  R6
0002ba 2da6      	MOV  R26,R6
0002bb dfdc      	RCALL _lcd_gotoxy
0002bc 81a8      	LD   R26,Y
0002bd 30aa      	CPI  R26,LOW(0xA)
0002be f409      	BRNE _0x2040006
0002bf c04d      	RJMP _0x20C0001
                 _0x2040006:
                 _0x2040003:
0002c0 9473      	INC  R7
0002c1 9ac0      	SBI  0x18,0
0002c2 81a8      	LD   R26,Y
0002c3 dfc8      	RCALL __lcd_write_data
0002c4 98c0      	CBI  0x18,0
0002c5 c047      	RJMP _0x20C0001
                 ; .FEND
                 _lcd_puts:
                 ; .FSTART _lcd_puts
0002c6 93ba      	ST   -Y,R27
0002c7 93aa      	ST   -Y,R26
0002c8 931a      	ST   -Y,R17
                 _0x2040007:
0002c9 81a9      	LDD  R26,Y+1
0002ca 81ba      	LDD  R27,Y+1+1
0002cb 91ed      	LD   R30,X+
0002cc 83a9      	STD  Y+1,R26
0002cd 83ba      	STD  Y+1+1,R27
0002ce 2f1e      	MOV  R17,R30
0002cf 30e0      	CPI  R30,0
0002d0 f019      	BREQ _0x2040009
0002d1 2fa1      	MOV  R26,R17
0002d2 dfde      	RCALL _lcd_putchar
0002d3 cff5      	RJMP _0x2040007
                 _0x2040009:
0002d4 c010      	RJMP _0x20C0002
                 ; .FEND
                 _lcd_putsf:
                 ; .FSTART _lcd_putsf
0002d5 93ba      	ST   -Y,R27
0002d6 93aa      	ST   -Y,R26
0002d7 931a      	ST   -Y,R17
                 _0x204000A:
0002d8 81e9      	LDD  R30,Y+1
0002d9 81fa      	LDD  R31,Y+1+1
0002da 9631      	ADIW R30,1
0002db 83e9      	STD  Y+1,R30
0002dc 83fa      	STD  Y+1+1,R31
0002dd 9731      	SBIW R30,1
0002de 91e4      	LPM  R30,Z
0002df 2f1e      	MOV  R17,R30
0002e0 30e0      	CPI  R30,0
0002e1 f019      	BREQ _0x204000C
0002e2 2fa1      	MOV  R26,R17
0002e3 dfcd      	RCALL _lcd_putchar
0002e4 cff3      	RJMP _0x204000A
                 _0x204000C:
                 _0x20C0002:
0002e5 8118      	LDD  R17,Y+0
0002e6 9623      	ADIW R28,3
0002e7 9508      	RET
                 ; .FEND
                 _lcd_init:
                 ; .FSTART _lcd_init
0002e8 93aa      	ST   -Y,R26
0002e9 b3e7      	IN   R30,0x17
0002ea 6fe0      	ORI  R30,LOW(0xF0)
0002eb bbe7      	OUT  0x17,R30
0002ec 9aba      	SBI  0x17,2
0002ed 9ab8      	SBI  0x17,0
0002ee 9ab9      	SBI  0x17,1
0002ef 98c2      	CBI  0x18,2
0002f0 98c0      	CBI  0x18,0
0002f1 98c1      	CBI  0x18,1
0002f2 8098      	LDD  R9,Y+0
0002f3 e1a4      	LDI  R26,LOW(20)
0002f4 e0b0      	LDI  R27,0
0002f5 940e 0361 	CALL _delay_ms
0002f7 940e 035a 	CALL SUBOPT_0x7
0002f9 940e 035a 	CALL SUBOPT_0x7
0002fb 940e 035a 	CALL SUBOPT_0x7
0002fd e2a0      	LDI  R26,LOW(32)
0002fe df79      	RCALL __lcd_write_nibble_G102
                +
0002ff e281     +LDI R24 , LOW ( 33 )
                +__DELAY_USB_LOOP :
000300 958a     +DEC R24
000301 f7f1     +BRNE __DELAY_USB_LOOP
                 	__DELAY_USB 33
000302 e2a4      	LDI  R26,LOW(36)
000303 df88      	RCALL __lcd_write_data
000304 e0a9      	LDI  R26,LOW(9)
000305 df86      	RCALL __lcd_write_data
000306 e2a0      	LDI  R26,LOW(32)
000307 df84      	RCALL __lcd_write_data
000308 e0ac      	LDI  R26,LOW(12)
000309 df82      	RCALL __lcd_write_data
00030a e0a6      	LDI  R26,LOW(6)
00030b df80      	RCALL __lcd_write_data
00030c df98      	RCALL _lcd_clear
                 _0x20C0001:
00030d 9621      	ADIW R28,1
00030e 9508      	RET
                 ; .FEND
                 
                 	.CSEG
                 
                 	.CSEG
                 
                 	.CSEG
                 _strlen:
                 ; .FSTART _strlen
00030f 93ba      	ST   -Y,R27
000310 93aa      	ST   -Y,R26
000311 91a9          ld   r26,y+
000312 91b9          ld   r27,y+
000313 27ee          clr  r30
000314 27ff          clr  r31
                 strlen0:
000315 916d          ld   r22,x+
000316 2366          tst  r22
000317 f011          breq strlen1
000318 9631          adiw r30,1
000319 cffb          rjmp strlen0
                 strlen1:
00031a 9508          ret
                 ; .FEND
                 _strlenf:
                 ; .FSTART _strlenf
00031b 93ba      	ST   -Y,R27
00031c 93aa      	ST   -Y,R26
00031d 27aa          clr  r26
00031e 27bb          clr  r27
00031f 91e9          ld   r30,y+
000320 91f9          ld   r31,y+
                 strlenf0:
000321 9005      	lpm  r0,z+
000322 2000          tst  r0
000323 f011          breq strlenf1
000324 9611          adiw r26,1
000325 cffb          rjmp strlenf0
                 strlenf1:
000326 01fd          movw r30,r26
000327 9508          ret
                 ; .FEND
                 
                 	.DSEG
                 _temp1:
000260           	.BYTE 0xF
                 __seed_G100:
00026f           	.BYTE 0x4
                 
                 	.CSEG
                 ;OPTIMIZER ADDED SUBROUTINE, CALLED 5 TIMES, CODE SIZE REDUCTION:13 WORDS
                 SUBOPT_0x0:
000328 932a      	ST   -Y,R18
000329 85ad      	LDD  R26,Y+13
00032a 85be      	LDD  R27,Y+13+1
00032b 85ef      	LDD  R30,Y+15
00032c 89f8      	LDD  R31,Y+15+1
00032d 9509      	ICALL
00032e 9508      	RET
                 
                 ;OPTIMIZER ADDED SUBROUTINE, CALLED 5 TIMES, CODE SIZE REDUCTION:9 WORDS
                 SUBOPT_0x1:
00032f 89e8      	LDD  R30,Y+16
000330 89f9      	LDD  R31,Y+16+1
000331 9734      	SBIW R30,4
000332 8be8      	STD  Y+16,R30
000333 8bf9      	STD  Y+16+1,R31
000334 9508      	RET
                 
                 ;OPTIMIZER ADDED SUBROUTINE, CALLED 3 TIMES, CODE SIZE REDUCTION:3 WORDS
                 SUBOPT_0x2:
000335 85ad      	LDD  R26,Y+13
000336 85be      	LDD  R27,Y+13+1
000337 85ef      	LDD  R30,Y+15
000338 89f8      	LDD  R31,Y+15+1
000339 9509      	ICALL
00033a 9508      	RET
                 
                 ;OPTIMIZER ADDED SUBROUTINE, CALLED 2 TIMES, CODE SIZE REDUCTION:4 WORDS
                 SUBOPT_0x3:
00033b 89a8      	LDD  R26,Y+16
00033c 89b9      	LDD  R27,Y+16+1
00033d 9614      	ADIW R26,4
00033e 940e 0373 	CALL __GETW1P
000340 83ee      	STD  Y+6,R30
000341 83ff      	STD  Y+6+1,R31
000342 81ae      	LDD  R26,Y+6
000343 81bf      	LDD  R27,Y+6+1
000344 9508      	RET
                 
                 ;OPTIMIZER ADDED SUBROUTINE, CALLED 2 TIMES, CODE SIZE REDUCTION:2 WORDS
                 SUBOPT_0x4:
000345 89a8      	LDD  R26,Y+16
000346 89b9      	LDD  R27,Y+16+1
000347 9614      	ADIW R26,4
000348 940e 0373 	CALL __GETW1P
00034a 87ea      	STD  Y+10,R30
00034b 87fb      	STD  Y+10+1,R31
00034c 9508      	RET
                 
                 ;OPTIMIZER ADDED SUBROUTINE, CALLED 2 TIMES, CODE SIZE REDUCTION:1 WORDS
                 SUBOPT_0x5:
00034d 01de      	MOVW R26,R28
00034e 961c      	ADIW R26,12
00034f 940e 036b 	CALL __ADDW2R15
000351 940e 0373 	CALL __GETW1P
000353 9508      	RET
                 
                 ;OPTIMIZER ADDED SUBROUTINE, CALLED 2 TIMES, CODE SIZE REDUCTION:1 WORDS
                 SUBOPT_0x6:
000354 940e 028c 	CALL __lcd_write_data
000356 e0a3      	LDI  R26,LOW(3)
000357 e0b0      	LDI  R27,0
000358 940c 0361 	JMP  _delay_ms
                 
                 ;OPTIMIZER ADDED SUBROUTINE, CALLED 3 TIMES, CODE SIZE REDUCTION:5 WORDS
                 SUBOPT_0x7:
00035a e3a0      	LDI  R26,LOW(48)
00035b 940e 0278 	CALL __lcd_write_nibble_G102
                +
00035d e281     +LDI R24 , LOW ( 33 )
                +__DELAY_USB_LOOP :
00035e 958a     +DEC R24
00035f f7f1     +BRNE __DELAY_USB_LOOP
                 	__DELAY_USB 33
000360 9508      	RET
                 
                 
                 	.CSEG
                 _delay_ms:
000361 9610      	adiw r26,0
000362 f039      	breq __delay_ms1
                 __delay_ms0:
                +
000363 ef8a     +LDI R24 , LOW ( 0xFA )
000364 e090     +LDI R25 , HIGH ( 0xFA )
                +__DELAY_USW_LOOP :
000365 9701     +SBIW R24 , 1
000366 f7f1     +BRNE __DELAY_USW_LOOP
                 	__DELAY_USW 0xFA
000367 95a8      	wdr
000368 9711      	sbiw r26,1
000369 f7c9      	brne __delay_ms0
                 __delay_ms1:
00036a 9508      	ret
                 
                 __ADDW2R15:
00036b 2400      	CLR  R0
00036c 0daf      	ADD  R26,R15
00036d 1db0      	ADC  R27,R0
00036e 9508      	RET
                 
                 __ANEGW1:
00036f 95f1      	NEG  R31
000370 95e1      	NEG  R30
000371 40f0      	SBCI R31,0
000372 9508      	RET
                 
                 __GETW1P:
000373 91ed      	LD   R30,X+
000374 91fc      	LD   R31,X
000375 9711      	SBIW R26,1
000376 9508      	RET
                 
                 __GETW1PF:
000377 9005      	LPM  R0,Z+
000378 91f4      	LPM  R31,Z
000379 2de0      	MOV  R30,R0
00037a 9508      	RET
                 
                 __PUTPARD1:
00037b 937a      	ST   -Y,R23
00037c 936a      	ST   -Y,R22
00037d 93fa      	ST   -Y,R31
00037e 93ea      	ST   -Y,R30
00037f 9508      	RET
                 
                 __SAVELOCR6:
000380 935a      	ST   -Y,R21
                 __SAVELOCR5:
000381 934a      	ST   -Y,R20
                 __SAVELOCR4:
000382 933a      	ST   -Y,R19
                 __SAVELOCR3:
000383 932a      	ST   -Y,R18
                 __SAVELOCR2:
000384 931a      	ST   -Y,R17
000385 930a      	ST   -Y,R16
000386 9508      	RET
                 
                 __LOADLOCR6:
000387 815d      	LDD  R21,Y+5
                 __LOADLOCR5:
000388 814c      	LDD  R20,Y+4
                 __LOADLOCR4:
000389 813b      	LDD  R19,Y+3
                 __LOADLOCR3:
00038a 812a      	LDD  R18,Y+2
                 __LOADLOCR2:
00038b 8119      	LDD  R17,Y+1
00038c 8108      	LD   R16,Y
00038d 9508      	RET
                 
                 ;END OF CODE MARKER
                 __END_OF_CODE:


RESOURCE USE INFORMATION
------------------------

Notice:
The register and instruction counts are symbol table hit counts,
and hence implicitly used resources are not counted, eg, the
'lpm' instruction without operands implicitly uses r0 and z,
none of which are counted.

x,y,z are separate entities in the symbol table and are
counted separately from r26..r31 here.

.dseg memory usage only counts static data declared with .byte

ATmega32 register use summary:
r0 :  11 r1 :   1 r2 :   0 r3 :   0 r4 :   2 r5 :   1 r6 :   4 r7 :   4 
r8 :   0 r9 :   2 r10:   0 r11:   0 r12:   0 r13:   0 r14:   0 r15:   4 
r16:  34 r17:  27 r18:  29 r19:   8 r20:   9 r21:  17 r22:   6 r23:   2 
r24:  23 r25:   3 r26: 101 r27:  40 r28:  14 r29:   1 r30: 196 r31:  59 
x  :  23 y  : 170 z  :  16 
Registers used: 27 out of 35 (77.1%)

ATmega32 instruction use summary:
.lds  :   0 .lds.l:   0 .sts  :   0 .sts.l:   0 adc   :   1 add   :   3 
adiw  :  25 and   :   0 andi  :   6 asr   :   0 bclr  :   0 bld   :   0 
brbc  :   0 brbs  :   0 brcc  :   0 brcs  :   0 break :   0 breq  :  18 
brge  :   0 brhc  :   0 brhs  :   0 brid  :   0 brie  :   0 brlo  :   8 
brlt  :   0 brmi  :   1 brne  :  30 brpl  :   1 brsh  :   2 brtc  :   0 
brts  :   0 brvc  :   0 brvs  :   0 bset  :   0 bst   :   0 call  :  54 
cbi   :   5 cbr   :   0 clc   :   0 clh   :   0 cli   :   1 cln   :   0 
clr   :  10 cls   :   0 clt   :   0 clv   :   0 clz   :   0 com   :   0 
cp    :   4 cpc   :   2 cpi   :  34 cpse  :   0 dec   :   7 des   :   0 
eor   :   0 fmul  :   0 fmuls :   0 fmulsu:   0 icall :   2 ijmp  :   0 
in    :   3 inc   :   2 jmp   :  23 ld    :  22 ldd   :  79 ldi   :  96 
lds   :   0 lpm   :  18 lsl   :   0 lsr   :   0 mov   :  20 movw  :  15 
mul   :   1 muls  :   0 mulsu :   0 neg   :   2 nop   :   0 or    :   1 
ori   :   7 out   :  46 pop   :   1 push  :   1 rcall :  16 ret   :  25 
reti  :   0 rjmp  :  62 rol   :   0 ror   :   0 sbc   :   1 sbci  :   2 
sbi   :   5 sbic  :   0 sbis  :   1 sbiw  :  18 sbr   :   0 sbrc  :   2 
sbrs  :  10 sec   :   0 seh   :   0 sei   :   0 sen   :   0 ser   :   0 
ses   :   0 set   :   0 sev   :   0 sez   :   0 sleep :   0 spm   :   0 
st    :  61 std   :  33 sts   :   0 sub   :   1 subi  :  14 swap  :   1 
tst   :   4 wdr   :   1 
Instructions used: 52 out of 116 (44.8%)

ATmega32 memory use summary [bytes]:
Segment   Begin    End      Code   Data   Used    Size   Use%
---------------------------------------------------------------
[.cseg] 0x000000 0x00071c   1762     58   1820   32768   5.6%
[.dseg] 0x000060 0x000273      0     19     19    2048   0.9%
[.eseg] 0x000000 0x000000      0      0      0    1024   0.0%

Assembly complete, 0 errors, 8 warnings
